2024-11-14 15:22:21 828 [Note] Plugin 'FEDERATED' is disabled.
2024-11-14 15:22:21 828 [Note] InnoDB: Using atomics to ref count buffer pool pages
2024-11-14 15:22:21 828 [Note] InnoDB: The InnoDB memory heap is disabled
2024-11-14 15:22:21 828 [Note] InnoDB: Mutexes and rw_locks use Windows interlocked functions
2024-11-14 15:22:21 828 [Note] InnoDB: Memory barrier is not used
2024-11-14 15:22:21 828 [Note] InnoDB: Compressed tables use zlib 1.2.3
2024-11-14 15:22:21 828 [Note] InnoDB: Not using CPU crc32 instructions
2024-11-14 15:22:21 828 [Note] InnoDB: Initializing buffer pool, size = 128.0M
2024-11-14 15:22:21 828 [Note] InnoDB: Completed initialization of buffer pool
2024-11-14 15:22:21 828 [Note] InnoDB: Highest supported file format is Barracuda.
2024-11-14 15:22:21 828 [Note] InnoDB: The log sequence numbers 1764404 and 1764404 in ibdata files do not match the log sequence number 1855385 in the ib_logfiles!
2024-11-14 15:22:21 828 [Note] InnoDB: Database was not shutdown normally!
2024-11-14 15:22:21 828 [Note] InnoDB: Starting crash recovery.
2024-11-14 15:22:21 828 [Note] InnoDB: Reading tablespace information from the .ibd files...
2024-11-14 15:22:21 828 [Note] InnoDB: Restoring possible half-written data pages 
2024-11-14 15:22:21 828 [Note] InnoDB: from the doublewrite buffer...
2024-11-14 15:22:22 828 [Note] InnoDB: 128 rollback segment(s) are active.
2024-11-14 15:22:22 828 [Note] InnoDB: Waiting for purge to start
2024-11-14 15:22:22 828 [Note] InnoDB: 5.6.34 started; log sequence number 1855385
2024-11-14 15:22:22 828 [Note] Server hostname (bind-address): '*'; port: 3306
2024-11-14 15:22:22 828 [Note] IPv6 is available.
2024-11-14 15:22:22 828 [Note]   - '::' resolves to '::';
2024-11-14 15:22:22 828 [Note] Server socket created on IP: '::'.
2025-01-11 13:42:19 872 [Note] Plugin 'FEDERATED' is disabled.
2025-01-11 13:42:19 872 [Note] InnoDB: Using atomics to ref count buffer pool pages
2025-01-11 13:42:19 872 [Note] InnoDB: The InnoDB memory heap is disabled
2025-01-11 13:42:19 872 [Note] InnoDB: Mutexes and rw_locks use Windows interlocked functions
2025-01-11 13:42:19 872 [Note] InnoDB: Memory barrier is not used
2025-01-11 13:42:19 872 [Note] InnoDB: Compressed tables use zlib 1.2.3
2025-01-11 13:42:19 872 [Note] InnoDB: Not using CPU crc32 instructions
2025-01-11 13:42:19 872 [Note] InnoDB: Initializing buffer pool, size = 128.0M
2025-01-11 13:42:19 872 [Note] InnoDB: Completed initialization of buffer pool
2025-01-11 13:42:19 872 [Note] InnoDB: Highest supported file format is Barracuda.
2025-01-11 13:42:19 872 [Note] InnoDB: The log sequence numbers 1764404 and 1764404 in ibdata files do not match the log sequence number 1855395 in the ib_logfiles!
2025-01-11 13:42:19 872 [Note] InnoDB: Database was not shutdown normally!
2025-01-11 13:42:19 872 [Note] InnoDB: Starting crash recovery.
2025-01-11 13:42:19 872 [Note] InnoDB: Reading tablespace information from the .ibd files...
2025-01-11 13:42:19 872 [Note] InnoDB: Restoring possible half-written data pages 
2025-01-11 13:42:19 872 [Note] InnoDB: from the doublewrite buffer...
2025-01-11 13:42:20 872 [Note] InnoDB: 128 rollback segment(s) are active.
2025-01-11 13:42:20 872 [Note] InnoDB: Waiting for purge to start
2025-01-11 13:42:20 872 [Note] InnoDB: 5.6.34 started; log sequence number 1855395
2025-01-11 13:42:20 872 [Note] Server hostname (bind-address): '*'; port: 3306
2025-01-11 13:42:20 872 [Note] IPv6 is available.
2025-01-11 13:42:20 872 [Note]   - '::' resolves to '::';
2025-01-11 13:42:20 872 [Note] Server socket created on IP: '::'.
2025-01-11 13:42:20 872 [ERROR] Can't start server: Bind on TCP/IP port: No such file or directory
2025-01-11 13:42:20 872 [ERROR] Do you already have another mysqld server running on port: 3306 ?
2025-01-11 13:42:20 872 [ERROR] Aborting

2025-01-11 13:42:20 872 [Note] Binlog end
2025-01-11 13:42:20 872 [Note] Shutting down plugin 'partition'
2025-01-11 13:42:20 872 [Note] Shutting down plugin 'PERFORMANCE_SCHEMA'
2025-01-11 13:42:20 872 [Note] Shutting down plugin 'INNODB_SYS_DATAFILES'
2025-01-11 13:42:20 872 [Note] Shutting down plugin 'INNODB_SYS_TABLESPACES'
2025-01-11 13:42:20 872 [Note] Shutting down plugin 'INNODB_SYS_FOREIGN_COLS'
2025-01-11 13:42:20 872 [Note] Shutting down plugin 'INNODB_SYS_FOREIGN'
2025-01-11 13:42:20 872 [Note] Shutting down plugin 'INNODB_SYS_FIELDS'
2025-01-11 13:42:20 872 [Note] Shutting down plugin 'INNODB_SYS_COLUMNS'
2025-01-11 13:42:20 872 [Note] Shutting down plugin 'INNODB_SYS_INDEXES'
2025-01-11 13:42:20 872 [Note] Shutting down plugin 'INNODB_SYS_TABLESTATS'
2025-01-11 13:42:20 872 [Note] Shutting down plugin 'INNODB_SYS_TABLES'
2025-01-11 13:42:20 872 [Note] Shutting down plugin 'INNODB_FT_INDEX_TABLE'
2025-01-11 13:42:20 872 [Note] Shutting down plugin 'INNODB_FT_INDEX_CACHE'
2025-01-11 13:42:20 872 [Note] Shutting down plugin 'INNODB_FT_CONFIG'
2025-01-11 13:42:20 872 [Note] Shutting down plugin 'INNODB_FT_BEING_DELETED'
2025-01-11 13:42:20 872 [Note] Shutting down plugin 'INNODB_FT_DELETED'
2025-01-11 13:42:20 872 [Note] Shutting down plugin 'INNODB_FT_DEFAULT_STOPWORD'
2025-01-11 13:42:20 872 [Note] Shutting down plugin 'INNODB_METRICS'
2025-01-11 13:42:20 872 [Note] Shutting down plugin 'INNODB_BUFFER_POOL_STATS'
2025-01-11 13:42:20 872 [Note] Shutting down plugin 'INNODB_BUFFER_PAGE_LRU'
2025-01-11 13:42:20 872 [Note] Shutting down plugin 'INNODB_BUFFER_PAGE'
2025-01-11 13:42:20 872 [Note] Shutting down plugin 'INNODB_CMP_PER_INDEX_RESET'
2025-01-11 13:42:20 872 [Note] Shutting down plugin 'INNODB_CMP_PER_INDEX'
2025-01-11 13:42:20 872 [Note] Shutting down plugin 'INNODB_CMPMEM_RESET'
2025-01-11 13:42:20 872 [Note] Shutting down plugin 'INNODB_CMPMEM'
2025-01-11 13:42:20 872 [Note] Shutting down plugin 'INNODB_CMP_RESET'
2025-01-11 13:42:20 872 [Note] Shutting down plugin 'INNODB_CMP'
2025-01-11 13:42:20 872 [Note] Shutting down plugin 'INNODB_LOCK_WAITS'
2025-01-11 13:42:20 872 [Note] Shutting down plugin 'INNODB_LOCKS'
2025-01-11 13:42:20 872 [Note] Shutting down plugin 'INNODB_TRX'
2025-01-11 13:42:20 872 [Note] Shutting down plugin 'InnoDB'
2025-01-11 13:42:20 872 [Note] InnoDB: FTS optimize thread exiting.
2025-01-11 13:42:20 872 [Note] InnoDB: Starting shutdown...
2025-01-11 13:42:21 872 [Note] InnoDB: Shutdown completed; log sequence number 1855405
2025-01-11 13:42:21 872 [Note] Shutting down plugin 'BLACKHOLE'
2025-01-11 13:42:21 872 [Note] Shutting down plugin 'ARCHIVE'
2025-01-11 13:42:21 872 [Note] Shutting down plugin 'MRG_MYISAM'
2025-01-11 13:42:21 872 [Note] Shutting down plugin 'MyISAM'
2025-01-11 13:42:21 872 [Note] Shutting down plugin 'MEMORY'
2025-01-11 13:42:21 872 [Note] Shutting down plugin 'CSV'
2025-01-11 13:42:21 872 [Note] Shutting down plugin 'sha256_password'
2025-01-11 13:42:21 872 [Note] Shutting down plugin 'mysql_old_password'
2025-01-11 13:42:21 872 [Note] Shutting down plugin 'mysql_native_password'
2025-01-11 13:42:21 872 [Note] Shutting down plugin 'binlog'
2025-01-11 13:42:21 872 [Note] E:\game_dev\LEGAL_Games/mysql/bin/mysqld_usbwv8.exe: Shutdown complete

2025-01-11 13:44:26 18488 [Note] Plugin 'FEDERATED' is disabled.
2025-01-11 13:44:26 18488 [Note] InnoDB: Using atomics to ref count buffer pool pages
2025-01-11 13:44:26 18488 [Note] InnoDB: The InnoDB memory heap is disabled
2025-01-11 13:44:26 18488 [Note] InnoDB: Mutexes and rw_locks use Windows interlocked functions
2025-01-11 13:44:26 18488 [Note] InnoDB: Memory barrier is not used
2025-01-11 13:44:26 18488 [Note] InnoDB: Compressed tables use zlib 1.2.3
2025-01-11 13:44:26 18488 [Note] InnoDB: Not using CPU crc32 instructions
2025-01-11 13:44:26 18488 [Note] InnoDB: Initializing buffer pool, size = 128.0M
2025-01-11 13:44:26 18488 [Note] InnoDB: Completed initialization of buffer pool
2025-01-11 13:44:27 18488 [Note] InnoDB: Highest supported file format is Barracuda.
2025-01-11 13:44:27 18488 [Note] InnoDB: 128 rollback segment(s) are active.
2025-01-11 13:44:27 18488 [Note] InnoDB: Waiting for purge to start
2025-01-11 13:44:27 18488 [Note] InnoDB: 5.6.34 started; log sequence number 1855405
2025-01-11 13:44:27 18488 [Note] Server hostname (bind-address): '*'; port: 3306
2025-01-11 13:44:27 18488 [Note] IPv6 is available.
2025-01-11 13:44:27 18488 [Note]   - '::' resolves to '::';
2025-01-11 13:44:27 18488 [Note] Server socket created on IP: '::'.
2025-10-21 00:00:59 10124 [Note] Plugin 'FEDERATED' is disabled.
2025-10-21 00:00:59 10124 [Note] InnoDB: Using atomics to ref count buffer pool pages
2025-10-21 00:00:59 10124 [Note] InnoDB: The InnoDB memory heap is disabled
2025-10-21 00:00:59 10124 [Note] InnoDB: Mutexes and rw_locks use Windows interlocked functions
2025-10-21 00:00:59 10124 [Note] InnoDB: Memory barrier is not used
2025-10-21 00:00:59 10124 [Note] InnoDB: Compressed tables use zlib 1.2.3
2025-10-21 00:00:59 10124 [Note] InnoDB: Not using CPU crc32 instructions
2025-10-21 00:00:59 10124 [Note] InnoDB: Initializing buffer pool, size = 128.0M
2025-10-21 00:00:59 10124 [Note] InnoDB: Completed initialization of buffer pool
2025-10-21 00:00:59 10124 [Note] InnoDB: Highest supported file format is Barracuda.
2025-10-21 00:00:59 10124 [Note] InnoDB: The log sequence numbers 1855405 and 1855405 in ibdata files do not match the log sequence number 1855568 in the ib_logfiles!
2025-10-21 00:00:59 10124 [Note] InnoDB: Database was not shutdown normally!
2025-10-21 00:00:59 10124 [Note] InnoDB: Starting crash recovery.
2025-10-21 00:00:59 10124 [Note] InnoDB: Reading tablespace information from the .ibd files...
2025-10-21 00:00:59 10124 [Note] InnoDB: Restoring possible half-written data pages 
2025-10-21 00:00:59 10124 [Note] InnoDB: from the doublewrite buffer...
2025-10-21 00:01:00 10124 [Note] InnoDB: 128 rollback segment(s) are active.
2025-10-21 00:01:00 10124 [Note] InnoDB: Waiting for purge to start
2025-10-21 00:01:00 10124 [Note] InnoDB: 5.6.34 started; log sequence number 1855568
2025-10-21 00:01:00 10124 [Note] Server hostname (bind-address): '*'; port: 3306
2025-10-21 00:01:00 10124 [Note] IPv6 is available.
2025-10-21 00:01:00 10124 [Note]   - '::' resolves to '::';
2025-10-21 00:01:00 10124 [Note] Server socket created on IP: '::'.
2026-01-13 17:47:43 23840 [Note] Plugin 'FEDERATED' is disabled.
2026-01-13 17:47:43 23840 [Note] InnoDB: Using atomics to ref count buffer pool pages
2026-01-13 17:47:43 23840 [Note] InnoDB: The InnoDB memory heap is disabled
2026-01-13 17:47:43 23840 [Note] InnoDB: Mutexes and rw_locks use Windows interlocked functions
2026-01-13 17:47:43 23840 [Note] InnoDB: Memory barrier is not used
2026-01-13 17:47:43 23840 [Note] InnoDB: Compressed tables use zlib 1.2.3
2026-01-13 17:47:43 23840 [Note] InnoDB: Not using CPU crc32 instructions
2026-01-13 17:47:43 23840 [Note] InnoDB: Initializing buffer pool, size = 128.0M
2026-01-13 17:47:43 23840 [Note] InnoDB: Completed initialization of buffer pool
2026-01-13 17:47:43 23840 [Note] InnoDB: Highest supported file format is Barracuda.
2026-01-13 17:47:43 23840 [Note] InnoDB: The log sequence numbers 1855405 and 1855405 in ibdata files do not match the log sequence number 1855578 in the ib_logfiles!
2026-01-13 17:47:43 23840 [Note] InnoDB: Database was not shutdown normally!
2026-01-13 17:47:43 23840 [Note] InnoDB: Starting crash recovery.
2026-01-13 17:47:43 23840 [Note] InnoDB: Reading tablespace information from the .ibd files...
2026-01-13 17:47:44 23840 [Note] InnoDB: Restoring possible half-written data pages 
2026-01-13 17:47:44 23840 [Note] InnoDB: from the doublewrite buffer...
2026-01-13 17:47:44 23840 [Note] InnoDB: 128 rollback segment(s) are active.
2026-01-13 17:47:44 23840 [Note] InnoDB: Waiting for purge to start
2026-01-13 17:47:44 23840 [Note] InnoDB: 5.6.34 started; log sequence number 1855578
2026-01-13 17:47:44 23840 [Note] Server hostname (bind-address): '*'; port: 3306
2026-01-13 17:47:44 23840 [Note] IPv6 is available.
2026-01-13 17:47:44 23840 [Note]   - '::' resolves to '::';
2026-01-13 17:47:44 23840 [Note] Server socket created on IP: '::'.
2026-01-13 18:03:27 15920 [Note] Plugin 'FEDERATED' is disabled.
2026-01-13 18:03:27 15920 [Note] InnoDB: Using atomics to ref count buffer pool pages
2026-01-13 18:03:27 15920 [Note] InnoDB: The InnoDB memory heap is disabled
2026-01-13 18:03:27 15920 [Note] InnoDB: Mutexes and rw_locks use Windows interlocked functions
2026-01-13 18:03:27 15920 [Note] InnoDB: Memory barrier is not used
2026-01-13 18:03:27 15920 [Note] InnoDB: Compressed tables use zlib 1.2.3
2026-01-13 18:03:27 15920 [Note] InnoDB: Not using CPU crc32 instructions
2026-01-13 18:03:27 15920 [Note] InnoDB: Initializing buffer pool, size = 128.0M
2026-01-13 18:03:28 15920 [Note] InnoDB: Completed initialization of buffer pool
2026-01-13 18:03:28 15920 [Note] InnoDB: Highest supported file format is Barracuda.
2026-01-13 18:03:28 15920 [Note] InnoDB: The log sequence numbers 1855405 and 1855405 in ibdata files do not match the log sequence number 1855942 in the ib_logfiles!
2026-01-13 18:03:28 15920 [Note] InnoDB: Database was not shutdown normally!
2026-01-13 18:03:28 15920 [Note] InnoDB: Starting crash recovery.
2026-01-13 18:03:28 15920 [Note] InnoDB: Reading tablespace information from the .ibd files...
2026-01-13 18:03:28 15920 [Note] InnoDB: Restoring possible half-written data pages 
2026-01-13 18:03:28 15920 [Note] InnoDB: from the doublewrite buffer...
2026-01-13 18:03:28 15920 [Note] InnoDB: 128 rollback segment(s) are active.
2026-01-13 18:03:28 15920 [Note] InnoDB: Waiting for purge to start
2026-01-13 18:03:28 15920 [Note] InnoDB: 5.6.34 started; log sequence number 1855942
2026-01-13 18:03:28 15920 [Note] Server hostname (bind-address): '*'; port: 3306
2026-01-13 18:03:28 15920 [Note] IPv6 is available.
2026-01-13 18:03:28 15920 [Note]   - '::' resolves to '::';
2026-01-13 18:03:28 15920 [Note] Server socket created on IP: '::'.
2026-01-21 20:20:50 17864 [Note] Plugin 'FEDERATED' is disabled.
2026-01-21 20:20:50 17864 [Note] InnoDB: Using atomics to ref count buffer pool pages
2026-01-21 20:20:50 17864 [Note] InnoDB: The InnoDB memory heap is disabled
2026-01-21 20:20:50 17864 [Note] InnoDB: Mutexes and rw_locks use Windows interlocked functions
2026-01-21 20:20:50 17864 [Note] InnoDB: Memory barrier is not used
2026-01-21 20:20:50 17864 [Note] InnoDB: Compressed tables use zlib 1.2.3
2026-01-21 20:20:50 17864 [Note] InnoDB: Not using CPU crc32 instructions
2026-01-21 20:20:50 17864 [Note] InnoDB: Initializing buffer pool, size = 128.0M
2026-01-21 20:20:50 17864 [Note] InnoDB: Completed initialization of buffer pool
2026-01-21 20:20:50 17864 [Note] InnoDB: Highest supported file format is Barracuda.
2026-01-21 20:20:50 17864 [Note] InnoDB: The log sequence numbers 1855405 and 1855405 in ibdata files do not match the log sequence number 1855952 in the ib_logfiles!
2026-01-21 20:20:50 17864 [Note] InnoDB: Database was not shutdown normally!
2026-01-21 20:20:50 17864 [Note] InnoDB: Starting crash recovery.
2026-01-21 20:20:50 17864 [Note] InnoDB: Reading tablespace information from the .ibd files...
2026-01-21 20:20:50 17864 [Note] InnoDB: Restoring possible half-written data pages 
2026-01-21 20:20:50 17864 [Note] InnoDB: from the doublewrite buffer...
2026-01-21 20:20:51 17864 [Note] InnoDB: 128 rollback segment(s) are active.
2026-01-21 20:20:51 17864 [Note] InnoDB: Waiting for purge to start
2026-01-21 20:20:51 17864 [Note] InnoDB: 5.6.34 started; log sequence number 1855952
2026-01-21 20:20:51 17864 [Note] Server hostname (bind-address): '*'; port: 3306
2026-01-21 20:20:51 17864 [Note] IPv6 is available.
2026-01-21 20:20:51 17864 [Note]   - '::' resolves to '::';
2026-01-21 20:20:51 17864 [Note] Server socket created on IP: '::'.
2026-01-21 22:12:07 7424 [Note] Plugin 'FEDERATED' is disabled.
2026-01-21 22:12:07 7424 [Note] InnoDB: Using atomics to ref count buffer pool pages
2026-01-21 22:12:07 7424 [Note] InnoDB: The InnoDB memory heap is disabled
2026-01-21 22:12:07 7424 [Note] InnoDB: Mutexes and rw_locks use Windows interlocked functions
2026-01-21 22:12:07 7424 [Note] InnoDB: Memory barrier is not used
2026-01-21 22:12:07 7424 [Note] InnoDB: Compressed tables use zlib 1.2.3
2026-01-21 22:12:07 7424 [Note] InnoDB: Not using CPU crc32 instructions
2026-01-21 22:12:07 7424 [Note] InnoDB: Initializing buffer pool, size = 128.0M
2026-01-21 22:12:07 7424 [Note] InnoDB: Completed initialization of buffer pool
2026-01-21 22:12:07 7424 [Note] InnoDB: Highest supported file format is Barracuda.
2026-01-21 22:12:07 7424 [Note] InnoDB: The log sequence numbers 1855405 and 1855405 in ibdata files do not match the log sequence number 1856137 in the ib_logfiles!
2026-01-21 22:12:07 7424 [Note] InnoDB: Database was not shutdown normally!
2026-01-21 22:12:07 7424 [Note] InnoDB: Starting crash recovery.
2026-01-21 22:12:07 7424 [Note] InnoDB: Reading tablespace information from the .ibd files...
2026-01-21 22:12:07 7424 [Note] InnoDB: Restoring possible half-written data pages 
2026-01-21 22:12:07 7424 [Note] InnoDB: from the doublewrite buffer...
2026-01-21 22:12:07 7424 [Note] InnoDB: 128 rollback segment(s) are active.
2026-01-21 22:12:07 7424 [Note] InnoDB: Waiting for purge to start
2026-01-21 22:12:07 7424 [Note] InnoDB: 5.6.34 started; log sequence number 1856137
2026-01-21 22:12:07 7424 [Note] Server hostname (bind-address): '*'; port: 3306
2026-01-21 22:12:07 7424 [Note] IPv6 is available.
2026-01-21 22:12:07 7424 [Note]   - '::' resolves to '::';
2026-01-21 22:12:07 7424 [Note] Server socket created on IP: '::'.
2026-01-29 06:20:47 10336 [Note] Plugin 'FEDERATED' is disabled.
2026-01-29 06:20:47 10336 [Note] InnoDB: Using atomics to ref count buffer pool pages
2026-01-29 06:20:47 10336 [Note] InnoDB: The InnoDB memory heap is disabled
2026-01-29 06:20:47 10336 [Note] InnoDB: Mutexes and rw_locks use Windows interlocked functions
2026-01-29 06:20:47 10336 [Note] InnoDB: Memory barrier is not used
2026-01-29 06:20:47 10336 [Note] InnoDB: Compressed tables use zlib 1.2.3
2026-01-29 06:20:47 10336 [Note] InnoDB: Not using CPU crc32 instructions
2026-01-29 06:20:47 10336 [Note] InnoDB: Initializing buffer pool, size = 128.0M
2026-01-29 06:20:47 10336 [Note] InnoDB: Completed initialization of buffer pool
2026-01-29 06:20:47 10336 [Note] InnoDB: Highest supported file format is Barracuda.
2026-01-29 06:20:47 10336 [Note] InnoDB: The log sequence numbers 1855405 and 1855405 in ibdata files do not match the log sequence number 1856147 in the ib_logfiles!
2026-01-29 06:20:47 10336 [Note] InnoDB: Database was not shutdown normally!
2026-01-29 06:20:47 10336 [Note] InnoDB: Starting crash recovery.
2026-01-29 06:20:47 10336 [Note] InnoDB: Reading tablespace information from the .ibd files...
2026-01-29 06:20:47 10336 [Note] InnoDB: Restoring possible half-written data pages 
2026-01-29 06:20:47 10336 [Note] InnoDB: from the doublewrite buffer...
2026-01-29 06:20:48 10336 [Note] InnoDB: 128 rollback segment(s) are active.
2026-01-29 06:20:48 10336 [Note] InnoDB: Waiting for purge to start
2026-01-29 06:20:48 10336 [Note] InnoDB: 5.6.34 started; log sequence number 1856147
2026-01-29 06:20:48 10336 [Note] Server hostname (bind-address): '*'; port: 3306
2026-01-29 06:20:48 10336 [Note] IPv6 is available.
2026-01-29 06:20:48 10336 [Note]   - '::' resolves to '::';
2026-01-29 06:20:48 10336 [Note] Server socket created on IP: '::'.
2026-01-29 06:20:49 10336 [Note] Event Scheduler: Loaded 0 events
2026-01-29 06:20:49 10336 [Note] E:\game_dev\LEGAL_Games/mysql/bin/mysqld_usbwv8.exe: ready for connections.
Version: '5.6.34'  socket: ''  port: 3306  MySQL Community Server (GPL)
2026-01-29 21:27:33 17020 [Note] Plugin 'FEDERATED' is disabled.
2026-01-29 21:27:33 17020 [Note] InnoDB: Using atomics to ref count buffer pool pages
2026-01-29 21:27:33 17020 [Note] InnoDB: The InnoDB memory heap is disabled
2026-01-29 21:27:33 17020 [Note] InnoDB: Mutexes and rw_locks use Windows interlocked functions
2026-01-29 21:27:33 17020 [Note] InnoDB: Memory barrier is not used
2026-01-29 21:27:33 17020 [Note] InnoDB: Compressed tables use zlib 1.2.3
2026-01-29 21:27:33 17020 [Note] InnoDB: Not using CPU crc32 instructions
2026-01-29 21:27:33 17020 [Note] InnoDB: Initializing buffer pool, size = 128.0M
2026-01-29 21:27:33 17020 [Note] InnoDB: Completed initialization of buffer pool
2026-01-29 21:27:33 17020 [Note] InnoDB: Highest supported file format is Barracuda.
2026-01-29 21:27:33 17020 [Note] InnoDB: The log sequence numbers 1855405 and 1855405 in ibdata files do not match the log sequence number 1856157 in the ib_logfiles!
2026-01-29 21:27:33 17020 [Note] InnoDB: Database was not shutdown normally!
2026-01-29 21:27:33 17020 [Note] InnoDB: Starting crash recovery.
2026-01-29 21:27:33 17020 [Note] InnoDB: Reading tablespace information from the .ibd files...
2026-01-29 21:27:34 17020 [Note] InnoDB: Restoring possible half-written data pages 
2026-01-29 21:27:34 17020 [Note] InnoDB: from the doublewrite buffer...
2026-01-29 21:27:34 17020 [Note] InnoDB: 128 rollback segment(s) are active.
2026-01-29 21:27:34 17020 [Note] InnoDB: Waiting for purge to start
2026-01-29 21:27:34 17020 [Note] InnoDB: 5.6.34 started; log sequence number 1856157
2026-01-29 21:27:34 17020 [Note] Server hostname (bind-address): '*'; port: 3306
2026-01-29 21:27:34 17020 [Note] IPv6 is available.
2026-01-29 21:27:34 17020 [Note]   - '::' resolves to '::';
2026-01-29 21:27:34 17020 [Note] Server socket created on IP: '::'.
2026-01-29 21:40:41 4768 [Note] Plugin 'FEDERATED' is disabled.
2026-01-29 21:40:41 4768 [Note] InnoDB: Using atomics to ref count buffer pool pages
2026-01-29 21:40:41 4768 [Note] InnoDB: The InnoDB memory heap is disabled
2026-01-29 21:40:41 4768 [Note] InnoDB: Mutexes and rw_locks use Windows interlocked functions
2026-01-29 21:40:41 4768 [Note] InnoDB: Memory barrier is not used
2026-01-29 21:40:41 4768 [Note] InnoDB: Compressed tables use zlib 1.2.3
2026-01-29 21:40:41 4768 [Note] InnoDB: Not using CPU crc32 instructions
2026-01-29 21:40:41 4768 [Note] InnoDB: Initializing buffer pool, size = 128.0M
2026-01-29 21:40:41 4768 [Note] InnoDB: Completed initialization of buffer pool
2026-01-29 21:40:41 4768 [ERROR] InnoDB: E:\game_dev\LEGAL_Games\mysql\data\ibdata1 can't be opened in read-write mode
2026-01-29 21:40:41 4768 [ERROR] InnoDB: The system tablespace must be writable!
2026-01-29 21:40:41 4768 [ERROR] Plugin 'InnoDB' init function returned error.
2026-01-29 21:40:41 4768 [ERROR] Plugin 'InnoDB' registration as a STORAGE ENGINE failed.
2026-01-29 21:40:41 4768 [ERROR] Unknown/unsupported storage engine: InnoDB
2026-01-29 21:40:41 4768 [ERROR] Aborting

2026-01-29 21:40:41 4768 [Note] Binlog end
2026-01-29 21:40:41 4768 [Note] Shutting down plugin 'partition'
2026-01-29 21:40:41 4768 [Note] Shutting down plugin 'PERFORMANCE_SCHEMA'
2026-01-29 21:40:41 4768 [Note] Shutting down plugin 'INNODB_SYS_DATAFILES'
2026-01-29 21:40:41 4768 [Note] Shutting down plugin 'INNODB_SYS_TABLESPACES'
2026-01-29 21:40:41 4768 [Note] Shutting down plugin 'INNODB_SYS_FOREIGN_COLS'
2026-01-29 21:40:41 4768 [Note] Shutting down plugin 'INNODB_SYS_FOREIGN'
2026-01-29 21:40:41 4768 [Note] Shutting down plugin 'INNODB_SYS_FIELDS'
2026-01-29 21:40:41 4768 [Note] Shutting down plugin 'INNODB_SYS_COLUMNS'
2026-01-29 21:40:41 4768 [Note] Shutting down plugin 'INNODB_SYS_INDEXES'
2026-01-29 21:40:41 4768 [Note] Shutting down plugin 'INNODB_SYS_TABLESTATS'
2026-01-29 21:40:41 4768 [Note] Shutting down plugin 'INNODB_SYS_TABLES'
2026-01-29 21:40:41 4768 [Note] Shutting down plugin 'INNODB_FT_INDEX_TABLE'
2026-01-29 21:40:41 4768 [Note] Shutting down plugin 'INNODB_FT_INDEX_CACHE'
2026-01-29 21:40:41 4768 [Note] Shutting down plugin 'INNODB_FT_CONFIG'
2026-01-29 21:40:41 4768 [Note] Shutting down plugin 'INNODB_FT_BEING_DELETED'
2026-01-29 21:40:41 4768 [Note] Shutting down plugin 'INNODB_FT_DELETED'
2026-01-29 21:40:41 4768 [Note] Shutting down plugin 'INNODB_FT_DEFAULT_STOPWORD'
2026-01-29 21:40:41 4768 [Note] Shutting down plugin 'INNODB_METRICS'
2026-01-29 21:40:41 4768 [Note] Shutting down plugin 'INNODB_BUFFER_POOL_STATS'
2026-01-29 21:40:41 4768 [Note] Shutting down plugin 'INNODB_BUFFER_PAGE_LRU'
2026-01-29 21:40:41 4768 [Note] Shutting down plugin 'INNODB_BUFFER_PAGE'
2026-01-29 21:40:41 4768 [Note] Shutting down plugin 'INNODB_CMP_PER_INDEX_RESET'
2026-01-29 21:40:41 4768 [Note] Shutting down plugin 'INNODB_CMP_PER_INDEX'
2026-01-29 21:40:41 4768 [Note] Shutting down plugin 'INNODB_CMPMEM_RESET'
2026-01-29 21:40:41 4768 [Note] Shutting down plugin 'INNODB_CMPMEM'
2026-01-29 21:40:41 4768 [Note] Shutting down plugin 'INNODB_CMP_RESET'
2026-01-29 21:40:41 4768 [Note] Shutting down plugin 'INNODB_CMP'
2026-01-29 21:40:41 4768 [Note] Shutting down plugin 'INNODB_LOCK_WAITS'
2026-01-29 21:40:41 4768 [Note] Shutting down plugin 'INNODB_LOCKS'
2026-01-29 21:40:41 4768 [Note] Shutting down plugin 'INNODB_TRX'
2026-01-29 21:40:41 4768 [Note] Shutting down plugin 'BLACKHOLE'
2026-01-29 21:40:41 4768 [Note] Shutting down plugin 'ARCHIVE'
2026-01-29 21:40:41 4768 [Note] Shutting down plugin 'MRG_MYISAM'
2026-01-29 21:40:41 4768 [Note] Shutting down plugin 'MyISAM'
2026-01-29 21:40:41 4768 [Note] Shutting down plugin 'MEMORY'
2026-01-29 21:40:41 4768 [Note] Shutting down plugin 'CSV'
2026-01-29 21:40:41 4768 [Note] Shutting down plugin 'sha256_password'
2026-01-29 21:40:41 4768 [Note] Shutting down plugin 'mysql_old_password'
2026-01-29 21:40:41 4768 [Note] Shutting down plugin 'mysql_native_password'
2026-01-29 21:40:41 4768 [Note] Shutting down plugin 'binlog'
2026-01-29 21:40:41 4768 [Note] E:\game_dev\LEGAL_Games/mysql/bin/mysqld_usbwv8.exe: Shutdown complete

2026-01-29 21:40:56 8744 [Note] Plugin 'FEDERATED' is disabled.
2026-01-29 21:40:56 8744 [Note] InnoDB: Using atomics to ref count buffer pool pages
2026-01-29 21:40:56 8744 [Note] InnoDB: The InnoDB memory heap is disabled
2026-01-29 21:40:56 8744 [Note] InnoDB: Mutexes and rw_locks use Windows interlocked functions
2026-01-29 21:40:56 8744 [Note] InnoDB: Memory barrier is not used
2026-01-29 21:40:56 8744 [Note] InnoDB: Compressed tables use zlib 1.2.3
2026-01-29 21:40:56 8744 [Note] InnoDB: Not using CPU crc32 instructions
2026-01-29 21:40:56 8744 [Note] InnoDB: Initializing buffer pool, size = 128.0M
2026-01-29 21:40:56 8744 [Note] InnoDB: Completed initialization of buffer pool
2026-01-29 21:40:57 8744 [Note] InnoDB: Highest supported file format is Barracuda.
2026-01-29 21:40:57 8744 [Note] InnoDB: The log sequence numbers 1855405 and 1855405 in ibdata files do not match the log sequence number 1856167 in the ib_logfiles!
2026-01-29 21:40:57 8744 [Note] InnoDB: Database was not shutdown normally!
2026-01-29 21:40:57 8744 [Note] InnoDB: Starting crash recovery.
2026-01-29 21:40:57 8744 [Note] InnoDB: Reading tablespace information from the .ibd files...
2026-01-29 21:40:57 8744 [Note] InnoDB: Restoring possible half-written data pages 
2026-01-29 21:40:57 8744 [Note] InnoDB: from the doublewrite buffer...
2026-01-29 21:40:57 8744 [Note] InnoDB: 128 rollback segment(s) are active.
2026-01-29 21:40:57 8744 [Note] InnoDB: Waiting for purge to start
2026-01-29 21:40:58 8744 [Note] InnoDB: 5.6.34 started; log sequence number 1856167
2026-01-29 21:40:58 8744 [Note] Server hostname (bind-address): '*'; port: 3306
2026-01-29 21:40:58 8744 [Note] IPv6 is available.
2026-01-29 21:40:58 8744 [Note]   - '::' resolves to '::';
2026-01-29 21:40:58 8744 [Note] Server socket created on IP: '::'.
