2021-09-14 15:13:11 15640 [Note] Plugin 'FEDERATED' is disabled.
2021-09-14 15:13:11 15640 [Note] InnoDB: Using atomics to ref count buffer pool pages
2021-09-14 15:13:11 15640 [Note] InnoDB: The InnoDB memory heap is disabled
2021-09-14 15:13:11 15640 [Note] InnoDB: Mutexes and rw_locks use Windows interlocked functions
2021-09-14 15:13:11 15640 [Note] InnoDB: Memory barrier is not used
2021-09-14 15:13:11 15640 [Note] InnoDB: Compressed tables use zlib 1.2.3
2021-09-14 15:13:11 15640 [Note] InnoDB: Not using CPU crc32 instructions
2021-09-14 15:13:11 15640 [Note] InnoDB: Initializing buffer pool, size = 128.0M
2021-09-14 15:13:11 15640 [Note] InnoDB: Completed initialization of buffer pool
2021-09-14 15:13:11 15640 [Note] InnoDB: Setting log file D:\Tools\USBWebServer\mysql\data\ib_logfile101 size to 5 MB
2021-09-14 15:13:12 15640 [Note] InnoDB: Setting log file D:\Tools\USBWebServer\mysql\data\ib_logfile1 size to 5 MB
2021-09-14 15:13:12 15640 [Note] InnoDB: Renaming log file D:\Tools\USBWebServer\mysql\data\ib_logfile101 to D:\Tools\USBWebServer\mysql\data\ib_logfile0
2021-09-14 15:13:12 15640 [Warning] InnoDB: New log files created, LSN=1626134
2021-09-14 15:13:12 15640 [Note] InnoDB: Highest supported file format is Barracuda.
2021-09-14 15:13:12 4ac0 InnoDB: Error: page 5 log sequence number 1626646
InnoDB: is in the future! Current system log sequence number 1626636.
InnoDB: Your database may be corrupt or you may have copied the InnoDB
InnoDB: tablespace but not the InnoDB log files. See
InnoDB: http://dev.mysql.com/doc/refman/5.6/en/forcing-innodb-recovery.html
InnoDB: for more information.
2021-09-14 15:13:12 15640 [Note] InnoDB: 128 rollback segment(s) are active.
2021-09-14 15:13:12 15640 [Note] InnoDB: Waiting for purge to start
2021-09-14 15:13:12 15640 [Note] InnoDB: 5.6.34 started; log sequence number 1626636
2021-09-14 15:13:12 15640 [Warning] No existing UUID has been found, so we assume that this is the first time that this server has been started. Generating a new UUID: 838f2858-155d-11ec-be2c-e0d55e2dbced.
2021-09-14 15:13:12 15640 [Note] Server hostname (bind-address): '*'; port: 3306
2021-09-14 15:13:12 15640 [Note] IPv6 is available.
2021-09-14 15:13:12 15640 [Note]   - '::' resolves to '::';
2021-09-14 15:13:12 15640 [Note] Server socket created on IP: '::'.
2021-09-14 17:27:24 8872 [Note] Plugin 'FEDERATED' is disabled.
2021-09-14 17:27:24 8872 [Note] InnoDB: Using atomics to ref count buffer pool pages
2021-09-14 17:27:24 8872 [Note] InnoDB: The InnoDB memory heap is disabled
2021-09-14 17:27:24 8872 [Note] InnoDB: Mutexes and rw_locks use Windows interlocked functions
2021-09-14 17:27:24 8872 [Note] InnoDB: Memory barrier is not used
2021-09-14 17:27:24 8872 [Note] InnoDB: Compressed tables use zlib 1.2.3
2021-09-14 17:27:24 8872 [Note] InnoDB: Not using CPU crc32 instructions
2021-09-14 17:27:24 8872 [Note] InnoDB: Initializing buffer pool, size = 128.0M
2021-09-14 17:27:24 8872 [Note] InnoDB: Completed initialization of buffer pool
2021-09-14 17:27:24 8872 [Note] InnoDB: Highest supported file format is Barracuda.
2021-09-14 17:27:24 8872 [Note] InnoDB: The log sequence numbers 1626134 and 1626134 in ibdata files do not match the log sequence number 1662569 in the ib_logfiles!
2021-09-14 17:27:24 8872 [Note] InnoDB: Database was not shutdown normally!
2021-09-14 17:27:24 8872 [Note] InnoDB: Starting crash recovery.
2021-09-14 17:27:24 8872 [Note] InnoDB: Reading tablespace information from the .ibd files...
2021-09-14 17:27:24 8872 [Note] InnoDB: Restoring possible half-written data pages 
2021-09-14 17:27:24 8872 [Note] InnoDB: from the doublewrite buffer...
2021-09-14 17:27:26 8872 [Note] InnoDB: 128 rollback segment(s) are active.
2021-09-14 17:27:26 8872 [Note] InnoDB: Waiting for purge to start
2021-09-14 17:27:26 8872 [Note] InnoDB: 5.6.34 started; log sequence number 1662569
2021-09-14 17:27:26 8872 [Note] Server hostname (bind-address): '*'; port: 3306
2021-09-14 17:27:26 8872 [Note] IPv6 is available.
2021-09-14 17:27:26 8872 [Note]   - '::' resolves to '::';
2021-09-14 17:27:26 8872 [Note] Server socket created on IP: '::'.
2021-09-16 13:12:30 3548 [Note] Plugin 'FEDERATED' is disabled.
2021-09-16 13:12:30 3548 [Note] InnoDB: Using atomics to ref count buffer pool pages
2021-09-16 13:12:30 3548 [Note] InnoDB: The InnoDB memory heap is disabled
2021-09-16 13:12:30 3548 [Note] InnoDB: Mutexes and rw_locks use Windows interlocked functions
2021-09-16 13:12:30 3548 [Note] InnoDB: Memory barrier is not used
2021-09-16 13:12:30 3548 [Note] InnoDB: Compressed tables use zlib 1.2.3
2021-09-16 13:12:30 3548 [Note] InnoDB: Not using CPU crc32 instructions
2021-09-16 13:12:30 3548 [Note] InnoDB: Initializing buffer pool, size = 128.0M
2021-09-16 13:12:30 3548 [Note] InnoDB: Completed initialization of buffer pool
2021-09-16 13:12:30 3548 [Note] InnoDB: Highest supported file format is Barracuda.
2021-09-16 13:12:30 3548 [Note] InnoDB: The log sequence numbers 1626134 and 1626134 in ibdata files do not match the log sequence number 1666828 in the ib_logfiles!
2021-09-16 13:12:30 3548 [Note] InnoDB: Database was not shutdown normally!
2021-09-16 13:12:30 3548 [Note] InnoDB: Starting crash recovery.
2021-09-16 13:12:30 3548 [Note] InnoDB: Reading tablespace information from the .ibd files...
2021-09-16 13:12:30 3548 [Note] InnoDB: Restoring possible half-written data pages 
2021-09-16 13:12:30 3548 [Note] InnoDB: from the doublewrite buffer...
2021-09-16 13:12:30 3548 [Note] InnoDB: 128 rollback segment(s) are active.
2021-09-16 13:12:30 3548 [Note] InnoDB: Waiting for purge to start
2021-09-16 13:12:30 3548 [Note] InnoDB: 5.6.34 started; log sequence number 1666828
2021-09-16 13:12:30 3548 [Note] Server hostname (bind-address): '*'; port: 3306
2021-09-16 13:12:30 3548 [Note] IPv6 is available.
2021-09-16 13:12:30 3548 [Note]   - '::' resolves to '::';
2021-09-16 13:12:30 3548 [Note] Server socket created on IP: '::'.
2021-09-16 13:25:04 18084 [Note] Plugin 'FEDERATED' is disabled.
2021-09-16 13:25:04 18084 [Note] InnoDB: Using atomics to ref count buffer pool pages
2021-09-16 13:25:04 18084 [Note] InnoDB: The InnoDB memory heap is disabled
2021-09-16 13:25:04 18084 [Note] InnoDB: Mutexes and rw_locks use Windows interlocked functions
2021-09-16 13:25:04 18084 [Note] InnoDB: Memory barrier is not used
2021-09-16 13:25:04 18084 [Note] InnoDB: Compressed tables use zlib 1.2.3
2021-09-16 13:25:04 18084 [Note] InnoDB: Not using CPU crc32 instructions
2021-09-16 13:25:04 18084 [Note] InnoDB: Initializing buffer pool, size = 128.0M
2021-09-16 13:25:04 18084 [Note] InnoDB: Completed initialization of buffer pool
2021-09-16 13:25:04 18084 [ERROR] InnoDB: D:\Tools\USBWebServer\mysql\data\ibdata1 can't be opened in read-write mode
2021-09-16 13:25:04 18084 [ERROR] InnoDB: The system tablespace must be writable!
2021-09-16 13:25:04 18084 [ERROR] Plugin 'InnoDB' init function returned error.
2021-09-16 13:25:04 18084 [ERROR] Plugin 'InnoDB' registration as a STORAGE ENGINE failed.
2021-09-16 13:25:04 18084 [ERROR] Unknown/unsupported storage engine: InnoDB
2021-09-16 13:25:04 18084 [ERROR] Aborting

2021-09-16 13:25:04 18084 [Note] Binlog end
2021-09-16 13:25:04 18084 [Note] Shutting down plugin 'partition'
2021-09-16 13:25:04 18084 [Note] Shutting down plugin 'PERFORMANCE_SCHEMA'
2021-09-16 13:25:04 18084 [Note] Shutting down plugin 'INNODB_SYS_DATAFILES'
2021-09-16 13:25:04 18084 [Note] Shutting down plugin 'INNODB_SYS_TABLESPACES'
2021-09-16 13:25:04 18084 [Note] Shutting down plugin 'INNODB_SYS_FOREIGN_COLS'
2021-09-16 13:25:04 18084 [Note] Shutting down plugin 'INNODB_SYS_FOREIGN'
2021-09-16 13:25:04 18084 [Note] Shutting down plugin 'INNODB_SYS_FIELDS'
2021-09-16 13:25:04 18084 [Note] Shutting down plugin 'INNODB_SYS_COLUMNS'
2021-09-16 13:25:04 18084 [Note] Shutting down plugin 'INNODB_SYS_INDEXES'
2021-09-16 13:25:04 18084 [Note] Shutting down plugin 'INNODB_SYS_TABLESTATS'
2021-09-16 13:25:04 18084 [Note] Shutting down plugin 'INNODB_SYS_TABLES'
2021-09-16 13:25:04 18084 [Note] Shutting down plugin 'INNODB_FT_INDEX_TABLE'
2021-09-16 13:25:04 18084 [Note] Shutting down plugin 'INNODB_FT_INDEX_CACHE'
2021-09-16 13:25:04 18084 [Note] Shutting down plugin 'INNODB_FT_CONFIG'
2021-09-16 13:25:04 18084 [Note] Shutting down plugin 'INNODB_FT_BEING_DELETED'
2021-09-16 13:25:04 18084 [Note] Shutting down plugin 'INNODB_FT_DELETED'
2021-09-16 13:25:04 18084 [Note] Shutting down plugin 'INNODB_FT_DEFAULT_STOPWORD'
2021-09-16 13:25:04 18084 [Note] Shutting down plugin 'INNODB_METRICS'
2021-09-16 13:25:04 18084 [Note] Shutting down plugin 'INNODB_BUFFER_POOL_STATS'
2021-09-16 13:25:04 18084 [Note] Shutting down plugin 'INNODB_BUFFER_PAGE_LRU'
2021-09-16 13:25:04 18084 [Note] Shutting down plugin 'INNODB_BUFFER_PAGE'
2021-09-16 13:25:04 18084 [Note] Shutting down plugin 'INNODB_CMP_PER_INDEX_RESET'
2021-09-16 13:25:04 18084 [Note] Shutting down plugin 'INNODB_CMP_PER_INDEX'
2021-09-16 13:25:04 18084 [Note] Shutting down plugin 'INNODB_CMPMEM_RESET'
2021-09-16 13:25:04 18084 [Note] Shutting down plugin 'INNODB_CMPMEM'
2021-09-16 13:25:04 18084 [Note] Shutting down plugin 'INNODB_CMP_RESET'
2021-09-16 13:25:04 18084 [Note] Shutting down plugin 'INNODB_CMP'
2021-09-16 13:25:04 18084 [Note] Shutting down plugin 'INNODB_LOCK_WAITS'
2021-09-16 13:25:04 18084 [Note] Shutting down plugin 'INNODB_LOCKS'
2021-09-16 13:25:04 18084 [Note] Shutting down plugin 'INNODB_TRX'
2021-09-16 13:25:04 18084 [Note] Shutting down plugin 'BLACKHOLE'
2021-09-16 13:25:04 18084 [Note] Shutting down plugin 'ARCHIVE'
2021-09-16 13:25:04 18084 [Note] Shutting down plugin 'MRG_MYISAM'
2021-09-16 13:25:04 18084 [Note] Shutting down plugin 'MyISAM'
2021-09-16 13:25:04 18084 [Note] Shutting down plugin 'MEMORY'
2021-09-16 13:25:04 18084 [Note] Shutting down plugin 'CSV'
2021-09-16 13:25:04 18084 [Note] Shutting down plugin 'sha256_password'
2021-09-16 13:25:04 18084 [Note] Shutting down plugin 'mysql_old_password'
2021-09-16 13:25:04 18084 [Note] Shutting down plugin 'mysql_native_password'
2021-09-16 13:25:04 18084 [Note] Shutting down plugin 'binlog'
2021-09-16 13:25:04 18084 [Note] D:\Tools\USBWebServer/mysql/bin/mysqld_usbwv8.exe: Shutdown complete

2021-09-16 16:25:15 6840 [Note] Plugin 'FEDERATED' is disabled.
2021-09-16 16:25:15 6840 [Note] InnoDB: Using atomics to ref count buffer pool pages
2021-09-16 16:25:15 6840 [Note] InnoDB: The InnoDB memory heap is disabled
2021-09-16 16:25:15 6840 [Note] InnoDB: Mutexes and rw_locks use Windows interlocked functions
2021-09-16 16:25:15 6840 [Note] InnoDB: Memory barrier is not used
2021-09-16 16:25:15 6840 [Note] InnoDB: Compressed tables use zlib 1.2.3
2021-09-16 16:25:15 6840 [Note] InnoDB: Not using CPU crc32 instructions
2021-09-16 16:25:15 6840 [Note] InnoDB: Initializing buffer pool, size = 128.0M
2021-09-16 16:25:15 6840 [Note] InnoDB: Completed initialization of buffer pool
2021-09-16 16:25:15 6840 [Note] InnoDB: Highest supported file format is Barracuda.
2021-09-16 16:25:15 6840 [Note] InnoDB: The log sequence numbers 1626134 and 1626134 in ibdata files do not match the log sequence number 1666838 in the ib_logfiles!
2021-09-16 16:25:15 6840 [Note] InnoDB: Database was not shutdown normally!
2021-09-16 16:25:15 6840 [Note] InnoDB: Starting crash recovery.
2021-09-16 16:25:15 6840 [Note] InnoDB: Reading tablespace information from the .ibd files...
2021-09-16 16:25:15 6840 [Note] InnoDB: Restoring possible half-written data pages 
2021-09-16 16:25:15 6840 [Note] InnoDB: from the doublewrite buffer...
2021-09-16 16:25:16 6840 [Note] InnoDB: 128 rollback segment(s) are active.
2021-09-16 16:25:16 6840 [Note] InnoDB: Waiting for purge to start
2021-09-16 16:25:16 6840 [Note] InnoDB: 5.6.34 started; log sequence number 1666838
2021-09-16 16:25:16 6840 [Note] Server hostname (bind-address): '*'; port: 3306
2021-09-16 16:25:16 6840 [Note] IPv6 is available.
2021-09-16 16:25:16 6840 [Note]   - '::' resolves to '::';
2021-09-16 16:25:16 6840 [Note] Server socket created on IP: '::'.
2021-09-18 08:28:16 16780 [Note] Plugin 'FEDERATED' is disabled.
2021-09-18 08:28:16 16780 [Note] InnoDB: Using atomics to ref count buffer pool pages
2021-09-18 08:28:16 16780 [Note] InnoDB: The InnoDB memory heap is disabled
2021-09-18 08:28:16 16780 [Note] InnoDB: Mutexes and rw_locks use Windows interlocked functions
2021-09-18 08:28:16 16780 [Note] InnoDB: Memory barrier is not used
2021-09-18 08:28:16 16780 [Note] InnoDB: Compressed tables use zlib 1.2.3
2021-09-18 08:28:16 16780 [Note] InnoDB: Not using CPU crc32 instructions
2021-09-18 08:28:16 16780 [Note] InnoDB: Initializing buffer pool, size = 128.0M
2021-09-18 08:28:16 16780 [Note] InnoDB: Completed initialization of buffer pool
2021-09-18 08:28:16 16780 [Note] InnoDB: Highest supported file format is Barracuda.
2021-09-18 08:28:16 16780 [Note] InnoDB: The log sequence numbers 1626134 and 1626134 in ibdata files do not match the log sequence number 1762854 in the ib_logfiles!
2021-09-18 08:28:16 16780 [Note] InnoDB: Database was not shutdown normally!
2021-09-18 08:28:16 16780 [Note] InnoDB: Starting crash recovery.
2021-09-18 08:28:16 16780 [Note] InnoDB: Reading tablespace information from the .ibd files...
2021-09-18 08:28:16 16780 [Note] InnoDB: Restoring possible half-written data pages 
2021-09-18 08:28:16 16780 [Note] InnoDB: from the doublewrite buffer...
2021-09-18 08:28:16 16780 [Note] InnoDB: 128 rollback segment(s) are active.
2021-09-18 08:28:16 16780 [Note] InnoDB: Waiting for purge to start
2021-09-18 08:28:16 16780 [Note] InnoDB: 5.6.34 started; log sequence number 1762854
2021-09-18 08:28:16 16780 [Note] Server hostname (bind-address): '*'; port: 3306
2021-09-18 08:28:16 16780 [Note] IPv6 is available.
2021-09-18 08:28:16 16780 [Note]   - '::' resolves to '::';
2021-09-18 08:28:16 16780 [Note] Server socket created on IP: '::'.
2021-09-18 08:45:01 6436 [Note] Plugin 'FEDERATED' is disabled.
2021-09-18 08:45:01 6436 [Note] InnoDB: Using atomics to ref count buffer pool pages
2021-09-18 08:45:01 6436 [Note] InnoDB: The InnoDB memory heap is disabled
2021-09-18 08:45:01 6436 [Note] InnoDB: Mutexes and rw_locks use Windows interlocked functions
2021-09-18 08:45:01 6436 [Note] InnoDB: Memory barrier is not used
2021-09-18 08:45:01 6436 [Note] InnoDB: Compressed tables use zlib 1.2.3
2021-09-18 08:45:01 6436 [Note] InnoDB: Not using CPU crc32 instructions
2021-09-18 08:45:01 6436 [Note] InnoDB: Initializing buffer pool, size = 128.0M
2021-09-18 08:45:01 6436 [Note] InnoDB: Completed initialization of buffer pool
2021-09-18 08:45:02 6436 [Note] InnoDB: Highest supported file format is Barracuda.
2021-09-18 08:45:02 6436 [Note] InnoDB: The log sequence numbers 1626134 and 1626134 in ibdata files do not match the log sequence number 1762971 in the ib_logfiles!
2021-09-18 08:45:02 6436 [Note] InnoDB: Database was not shutdown normally!
2021-09-18 08:45:02 6436 [Note] InnoDB: Starting crash recovery.
2021-09-18 08:45:02 6436 [Note] InnoDB: Reading tablespace information from the .ibd files...
2021-09-18 08:45:02 6436 [Note] InnoDB: Restoring possible half-written data pages 
2021-09-18 08:45:02 6436 [Note] InnoDB: from the doublewrite buffer...
2021-09-18 08:45:02 6436 [Note] InnoDB: 128 rollback segment(s) are active.
2021-09-18 08:45:02 6436 [Note] InnoDB: Waiting for purge to start
2021-09-18 08:45:02 6436 [Note] InnoDB: 5.6.34 started; log sequence number 1762971
2021-09-18 08:45:02 6436 [Note] Server hostname (bind-address): '*'; port: 3306
2021-09-18 08:45:02 6436 [Note] IPv6 is available.
2021-09-18 08:45:02 6436 [Note]   - '::' resolves to '::';
2021-09-18 08:45:02 6436 [Note] Server socket created on IP: '::'.
2021-09-18 09:47:59 19632 [Note] Plugin 'FEDERATED' is disabled.
2021-09-18 09:47:59 19632 [Note] InnoDB: Using atomics to ref count buffer pool pages
2021-09-18 09:47:59 19632 [Note] InnoDB: The InnoDB memory heap is disabled
2021-09-18 09:47:59 19632 [Note] InnoDB: Mutexes and rw_locks use Windows interlocked functions
2021-09-18 09:47:59 19632 [Note] InnoDB: Memory barrier is not used
2021-09-18 09:47:59 19632 [Note] InnoDB: Compressed tables use zlib 1.2.3
2021-09-18 09:47:59 19632 [Note] InnoDB: Not using CPU crc32 instructions
2021-09-18 09:47:59 19632 [Note] InnoDB: Initializing buffer pool, size = 128.0M
2021-09-18 09:47:59 19632 [Note] InnoDB: Completed initialization of buffer pool
2021-09-18 09:47:59 19632 [ERROR] InnoDB: D:\Tools\USBWebServer\mysql\data\ibdata1 can't be opened in read-write mode
2021-09-18 09:47:59 19632 [ERROR] InnoDB: The system tablespace must be writable!
2021-09-18 09:47:59 19632 [ERROR] Plugin 'InnoDB' init function returned error.
2021-09-18 09:47:59 19632 [ERROR] Plugin 'InnoDB' registration as a STORAGE ENGINE failed.
2021-09-18 09:47:59 19632 [ERROR] Unknown/unsupported storage engine: InnoDB
2021-09-18 09:47:59 19632 [ERROR] Aborting

2021-09-18 09:47:59 19632 [Note] Binlog end
2021-09-18 09:47:59 19632 [Note] Shutting down plugin 'partition'
2021-09-18 09:47:59 19632 [Note] Shutting down plugin 'PERFORMANCE_SCHEMA'
2021-09-18 09:47:59 19632 [Note] Shutting down plugin 'INNODB_SYS_DATAFILES'
2021-09-18 09:47:59 19632 [Note] Shutting down plugin 'INNODB_SYS_TABLESPACES'
2021-09-18 09:47:59 19632 [Note] Shutting down plugin 'INNODB_SYS_FOREIGN_COLS'
2021-09-18 09:47:59 19632 [Note] Shutting down plugin 'INNODB_SYS_FOREIGN'
2021-09-18 09:47:59 19632 [Note] Shutting down plugin 'INNODB_SYS_FIELDS'
2021-09-18 09:47:59 19632 [Note] Shutting down plugin 'INNODB_SYS_COLUMNS'
2021-09-18 09:47:59 19632 [Note] Shutting down plugin 'INNODB_SYS_INDEXES'
2021-09-18 09:47:59 19632 [Note] Shutting down plugin 'INNODB_SYS_TABLESTATS'
2021-09-18 09:47:59 19632 [Note] Shutting down plugin 'INNODB_SYS_TABLES'
2021-09-18 09:47:59 19632 [Note] Shutting down plugin 'INNODB_FT_INDEX_TABLE'
2021-09-18 09:47:59 19632 [Note] Shutting down plugin 'INNODB_FT_INDEX_CACHE'
2021-09-18 09:47:59 19632 [Note] Shutting down plugin 'INNODB_FT_CONFIG'
2021-09-18 09:47:59 19632 [Note] Shutting down plugin 'INNODB_FT_BEING_DELETED'
2021-09-18 09:47:59 19632 [Note] Shutting down plugin 'INNODB_FT_DELETED'
2021-09-18 09:47:59 19632 [Note] Shutting down plugin 'INNODB_FT_DEFAULT_STOPWORD'
2021-09-18 09:47:59 19632 [Note] Shutting down plugin 'INNODB_METRICS'
2021-09-18 09:47:59 19632 [Note] Shutting down plugin 'INNODB_BUFFER_POOL_STATS'
2021-09-18 09:47:59 19632 [Note] Shutting down plugin 'INNODB_BUFFER_PAGE_LRU'
2021-09-18 09:47:59 19632 [Note] Shutting down plugin 'INNODB_BUFFER_PAGE'
2021-09-18 09:47:59 19632 [Note] Shutting down plugin 'INNODB_CMP_PER_INDEX_RESET'
2021-09-18 09:47:59 19632 [Note] Shutting down plugin 'INNODB_CMP_PER_INDEX'
2021-09-18 09:47:59 19632 [Note] Shutting down plugin 'INNODB_CMPMEM_RESET'
2021-09-18 09:47:59 19632 [Note] Shutting down plugin 'INNODB_CMPMEM'
2021-09-18 09:47:59 19632 [Note] Shutting down plugin 'INNODB_CMP_RESET'
2021-09-18 09:47:59 19632 [Note] Shutting down plugin 'INNODB_CMP'
2021-09-18 09:47:59 19632 [Note] Shutting down plugin 'INNODB_LOCK_WAITS'
2021-09-18 09:47:59 19632 [Note] Shutting down plugin 'INNODB_LOCKS'
2021-09-18 09:47:59 19632 [Note] Shutting down plugin 'INNODB_TRX'
2021-09-18 09:47:59 19632 [Note] Shutting down plugin 'BLACKHOLE'
2021-09-18 09:47:59 19632 [Note] Shutting down plugin 'ARCHIVE'
2021-09-18 09:47:59 19632 [Note] Shutting down plugin 'MRG_MYISAM'
2021-09-18 09:47:59 19632 [Note] Shutting down plugin 'MyISAM'
2021-09-18 09:47:59 19632 [Note] Shutting down plugin 'MEMORY'
2021-09-18 09:47:59 19632 [Note] Shutting down plugin 'CSV'
2021-09-18 09:47:59 19632 [Note] Shutting down plugin 'sha256_password'
2021-09-18 09:47:59 19632 [Note] Shutting down plugin 'mysql_old_password'
2021-09-18 09:47:59 19632 [Note] Shutting down plugin 'mysql_native_password'
2021-09-18 09:47:59 19632 [Note] Shutting down plugin 'binlog'
2021-09-18 09:47:59 19632 [Note] D:\Tools\USBWebServer/mysql/bin/mysqld_usbwv8.exe: Shutdown complete

2021-09-18 11:04:52 19428 [Note] Plugin 'FEDERATED' is disabled.
2021-09-18 11:04:52 19428 [Note] InnoDB: Using atomics to ref count buffer pool pages
2021-09-18 11:04:52 19428 [Note] InnoDB: The InnoDB memory heap is disabled
2021-09-18 11:04:52 19428 [Note] InnoDB: Mutexes and rw_locks use Windows interlocked functions
2021-09-18 11:04:52 19428 [Note] InnoDB: Memory barrier is not used
2021-09-18 11:04:52 19428 [Note] InnoDB: Compressed tables use zlib 1.2.3
2021-09-18 11:04:52 19428 [Note] InnoDB: Not using CPU crc32 instructions
2021-09-18 11:04:52 19428 [Note] InnoDB: Initializing buffer pool, size = 128.0M
2021-09-18 11:04:52 19428 [Note] InnoDB: Completed initialization of buffer pool
2021-09-18 11:04:52 19428 [ERROR] InnoDB: D:\Tools\USBWebServer\mysql\data\ibdata1 can't be opened in read-write mode
2021-09-18 11:04:52 19428 [ERROR] InnoDB: The system tablespace must be writable!
2021-09-18 11:04:52 19428 [ERROR] Plugin 'InnoDB' init function returned error.
2021-09-18 11:04:52 19428 [ERROR] Plugin 'InnoDB' registration as a STORAGE ENGINE failed.
2021-09-18 11:04:52 19428 [ERROR] Unknown/unsupported storage engine: InnoDB
2021-09-18 11:04:52 19428 [ERROR] Aborting

2021-09-18 11:04:52 19428 [Note] Binlog end
2021-09-18 11:04:52 19428 [Note] Shutting down plugin 'partition'
2021-09-18 11:04:52 19428 [Note] Shutting down plugin 'PERFORMANCE_SCHEMA'
2021-09-18 11:04:52 19428 [Note] Shutting down plugin 'INNODB_SYS_DATAFILES'
2021-09-18 11:04:52 19428 [Note] Shutting down plugin 'INNODB_SYS_TABLESPACES'
2021-09-18 11:04:52 19428 [Note] Shutting down plugin 'INNODB_SYS_FOREIGN_COLS'
2021-09-18 11:04:52 19428 [Note] Shutting down plugin 'INNODB_SYS_FOREIGN'
2021-09-18 11:04:52 19428 [Note] Shutting down plugin 'INNODB_SYS_FIELDS'
2021-09-18 11:04:52 19428 [Note] Shutting down plugin 'INNODB_SYS_COLUMNS'
2021-09-18 11:04:52 19428 [Note] Shutting down plugin 'INNODB_SYS_INDEXES'
2021-09-18 11:04:52 19428 [Note] Shutting down plugin 'INNODB_SYS_TABLESTATS'
2021-09-18 11:04:52 19428 [Note] Shutting down plugin 'INNODB_SYS_TABLES'
2021-09-18 11:04:52 19428 [Note] Shutting down plugin 'INNODB_FT_INDEX_TABLE'
2021-09-18 11:04:52 19428 [Note] Shutting down plugin 'INNODB_FT_INDEX_CACHE'
2021-09-18 11:04:52 19428 [Note] Shutting down plugin 'INNODB_FT_CONFIG'
2021-09-18 11:04:52 19428 [Note] Shutting down plugin 'INNODB_FT_BEING_DELETED'
2021-09-18 11:04:52 19428 [Note] Shutting down plugin 'INNODB_FT_DELETED'
2021-09-18 11:04:52 19428 [Note] Shutting down plugin 'INNODB_FT_DEFAULT_STOPWORD'
2021-09-18 11:04:52 19428 [Note] Shutting down plugin 'INNODB_METRICS'
2021-09-18 11:04:52 19428 [Note] Shutting down plugin 'INNODB_BUFFER_POOL_STATS'
2021-09-18 11:04:52 19428 [Note] Shutting down plugin 'INNODB_BUFFER_PAGE_LRU'
2021-09-18 11:04:52 19428 [Note] Shutting down plugin 'INNODB_BUFFER_PAGE'
2021-09-18 11:04:52 19428 [Note] Shutting down plugin 'INNODB_CMP_PER_INDEX_RESET'
2021-09-18 11:04:52 19428 [Note] Shutting down plugin 'INNODB_CMP_PER_INDEX'
2021-09-18 11:04:52 19428 [Note] Shutting down plugin 'INNODB_CMPMEM_RESET'
2021-09-18 11:04:52 19428 [Note] Shutting down plugin 'INNODB_CMPMEM'
2021-09-18 11:04:52 19428 [Note] Shutting down plugin 'INNODB_CMP_RESET'
2021-09-18 11:04:52 19428 [Note] Shutting down plugin 'INNODB_CMP'
2021-09-18 11:04:52 19428 [Note] Shutting down plugin 'INNODB_LOCK_WAITS'
2021-09-18 11:04:52 19428 [Note] Shutting down plugin 'INNODB_LOCKS'
2021-09-18 11:04:52 19428 [Note] Shutting down plugin 'INNODB_TRX'
2021-09-18 11:04:52 19428 [Note] Shutting down plugin 'BLACKHOLE'
2021-09-18 11:04:52 19428 [Note] Shutting down plugin 'ARCHIVE'
2021-09-18 11:04:52 19428 [Note] Shutting down plugin 'MRG_MYISAM'
2021-09-18 11:04:52 19428 [Note] Shutting down plugin 'MyISAM'
2021-09-18 11:04:52 19428 [Note] Shutting down plugin 'MEMORY'
2021-09-18 11:04:52 19428 [Note] Shutting down plugin 'CSV'
2021-09-18 11:04:52 19428 [Note] Shutting down plugin 'sha256_password'
2021-09-18 11:04:52 19428 [Note] Shutting down plugin 'mysql_old_password'
2021-09-18 11:04:52 19428 [Note] Shutting down plugin 'mysql_native_password'
2021-09-18 11:04:52 19428 [Note] Shutting down plugin 'binlog'
2021-09-18 11:04:52 19428 [Note] D:\Tools\USBWebServer/mysql/bin/mysqld_usbwv8.exe: Shutdown complete

2021-09-18 11:10:23 19684 [Note] Plugin 'FEDERATED' is disabled.
2021-09-18 11:10:23 19684 [Note] InnoDB: Using atomics to ref count buffer pool pages
2021-09-18 11:10:23 19684 [Note] InnoDB: The InnoDB memory heap is disabled
2021-09-18 11:10:23 19684 [Note] InnoDB: Mutexes and rw_locks use Windows interlocked functions
2021-09-18 11:10:23 19684 [Note] InnoDB: Memory barrier is not used
2021-09-18 11:10:23 19684 [Note] InnoDB: Compressed tables use zlib 1.2.3
2021-09-18 11:10:23 19684 [Note] InnoDB: Not using CPU crc32 instructions
2021-09-18 11:10:23 19684 [Note] InnoDB: Initializing buffer pool, size = 128.0M
2021-09-18 11:10:23 19684 [Note] InnoDB: Completed initialization of buffer pool
2021-09-18 11:10:24 19684 [Note] InnoDB: Highest supported file format is Barracuda.
2021-09-18 11:10:24 19684 [Note] InnoDB: The log sequence numbers 1626134 and 1626134 in ibdata files do not match the log sequence number 1764082 in the ib_logfiles!
2021-09-18 11:10:24 19684 [Note] InnoDB: Database was not shutdown normally!
2021-09-18 11:10:24 19684 [Note] InnoDB: Starting crash recovery.
2021-09-18 11:10:24 19684 [Note] InnoDB: Reading tablespace information from the .ibd files...
2021-09-18 11:10:24 19684 [Note] InnoDB: Restoring possible half-written data pages 
2021-09-18 11:10:24 19684 [Note] InnoDB: from the doublewrite buffer...
2021-09-18 11:10:24 19684 [Note] InnoDB: 128 rollback segment(s) are active.
2021-09-18 11:10:24 19684 [Note] InnoDB: Waiting for purge to start
2021-09-18 11:10:24 19684 [Note] InnoDB: 5.6.34 started; log sequence number 1764082
2021-09-18 11:10:24 19684 [Note] Server hostname (bind-address): '*'; port: 3306
2021-09-18 11:10:24 19684 [Note] IPv6 is available.
2021-09-18 11:10:24 19684 [Note]   - '::' resolves to '::';
2021-09-18 11:10:24 19684 [Note] Server socket created on IP: '::'.
2021-09-18 11:10:24 19684 [Note] Event Scheduler: Loaded 0 events
2021-09-18 11:10:24 19684 [Note] D:\Tools\USBWebServer/mysql/bin/mysqld_usbwv8.exe: ready for connections.
Version: '5.6.34'  socket: ''  port: 3306  MySQL Community Server (GPL)
2021-09-18 17:23:12 27680 [Note] Plugin 'FEDERATED' is disabled.
2021-09-18 17:23:12 27680 [Note] InnoDB: Using atomics to ref count buffer pool pages
2021-09-18 17:23:12 27680 [Note] InnoDB: The InnoDB memory heap is disabled
2021-09-18 17:23:12 27680 [Note] InnoDB: Mutexes and rw_locks use Windows interlocked functions
2021-09-18 17:23:12 27680 [Note] InnoDB: Memory barrier is not used
2021-09-18 17:23:12 27680 [Note] InnoDB: Compressed tables use zlib 1.2.3
2021-09-18 17:23:12 27680 [Note] InnoDB: Not using CPU crc32 instructions
2021-09-18 17:23:12 27680 [Note] InnoDB: Initializing buffer pool, size = 128.0M
2021-09-18 17:23:12 27680 [Note] InnoDB: Completed initialization of buffer pool
2021-09-18 17:23:12 27680 [Note] InnoDB: Highest supported file format is Barracuda.
2021-09-18 17:23:12 27680 [Note] InnoDB: The log sequence numbers 1626134 and 1626134 in ibdata files do not match the log sequence number 1764092 in the ib_logfiles!
2021-09-18 17:23:12 27680 [Note] InnoDB: Database was not shutdown normally!
2021-09-18 17:23:12 27680 [Note] InnoDB: Starting crash recovery.
2021-09-18 17:23:12 27680 [Note] InnoDB: Reading tablespace information from the .ibd files...
2021-09-18 17:23:12 27680 [Note] InnoDB: Restoring possible half-written data pages 
2021-09-18 17:23:12 27680 [Note] InnoDB: from the doublewrite buffer...
2021-09-18 17:23:13 27680 [Note] InnoDB: 128 rollback segment(s) are active.
2021-09-18 17:23:13 27680 [Note] InnoDB: Waiting for purge to start
2021-09-18 17:23:13 27680 [Note] InnoDB: 5.6.34 started; log sequence number 1764092
2021-09-18 17:23:13 27680 [Note] Server hostname (bind-address): '*'; port: 3306
2021-09-18 17:23:13 27680 [Note] IPv6 is available.
2021-09-18 17:23:13 27680 [Note]   - '::' resolves to '::';
2021-09-18 17:23:13 27680 [Note] Server socket created on IP: '::'.
2021-09-18 19:17:07 8288 [Note] Plugin 'FEDERATED' is disabled.
2021-09-18 19:17:07 8288 [Note] InnoDB: Using atomics to ref count buffer pool pages
2021-09-18 19:17:07 8288 [Note] InnoDB: The InnoDB memory heap is disabled
2021-09-18 19:17:07 8288 [Note] InnoDB: Mutexes and rw_locks use Windows interlocked functions
2021-09-18 19:17:07 8288 [Note] InnoDB: Memory barrier is not used
2021-09-18 19:17:07 8288 [Note] InnoDB: Compressed tables use zlib 1.2.3
2021-09-18 19:17:07 8288 [Note] InnoDB: Not using CPU crc32 instructions
2021-09-18 19:17:07 8288 [Note] InnoDB: Initializing buffer pool, size = 128.0M
2021-09-18 19:17:07 8288 [Note] InnoDB: Completed initialization of buffer pool
2021-09-18 19:17:07 8288 [Note] InnoDB: Highest supported file format is Barracuda.
2021-09-18 19:17:07 8288 [Note] InnoDB: The log sequence numbers 1626134 and 1626134 in ibdata files do not match the log sequence number 1764102 in the ib_logfiles!
2021-09-18 19:17:07 8288 [Note] InnoDB: Database was not shutdown normally!
2021-09-18 19:17:07 8288 [Note] InnoDB: Starting crash recovery.
2021-09-18 19:17:07 8288 [Note] InnoDB: Reading tablespace information from the .ibd files...
2021-09-18 19:17:07 8288 [Note] InnoDB: Restoring possible half-written data pages 
2021-09-18 19:17:07 8288 [Note] InnoDB: from the doublewrite buffer...
2021-09-18 19:17:07 8288 [Note] InnoDB: 128 rollback segment(s) are active.
2021-09-18 19:17:07 8288 [Note] InnoDB: Waiting for purge to start
2021-09-18 19:17:07 8288 [Note] InnoDB: 5.6.34 started; log sequence number 1764102
2021-09-18 19:17:07 8288 [Note] Server hostname (bind-address): '*'; port: 3306
2021-09-18 19:17:07 8288 [Note] IPv6 is available.
2021-09-18 19:17:07 8288 [Note]   - '::' resolves to '::';
2021-09-18 19:17:07 8288 [Note] Server socket created on IP: '::'.
2021-09-18 19:34:31 30280 [Note] Plugin 'FEDERATED' is disabled.
2021-09-18 19:34:31 30280 [Note] InnoDB: Using atomics to ref count buffer pool pages
2021-09-18 19:34:31 30280 [Note] InnoDB: The InnoDB memory heap is disabled
2021-09-18 19:34:31 30280 [Note] InnoDB: Mutexes and rw_locks use Windows interlocked functions
2021-09-18 19:34:31 30280 [Note] InnoDB: Memory barrier is not used
2021-09-18 19:34:31 30280 [Note] InnoDB: Compressed tables use zlib 1.2.3
2021-09-18 19:34:31 30280 [Note] InnoDB: Not using CPU crc32 instructions
2021-09-18 19:34:31 30280 [Note] InnoDB: Initializing buffer pool, size = 128.0M
2021-09-18 19:34:31 30280 [Note] InnoDB: Completed initialization of buffer pool
2021-09-18 19:34:31 30280 [Note] InnoDB: Highest supported file format is Barracuda.
2021-09-18 19:34:31 30280 [Note] InnoDB: The log sequence numbers 1626134 and 1626134 in ibdata files do not match the log sequence number 1764112 in the ib_logfiles!
2021-09-18 19:34:31 30280 [Note] InnoDB: Database was not shutdown normally!
2021-09-18 19:34:31 30280 [Note] InnoDB: Starting crash recovery.
2021-09-18 19:34:31 30280 [Note] InnoDB: Reading tablespace information from the .ibd files...
2021-09-18 19:34:31 30280 [Note] InnoDB: Restoring possible half-written data pages 
2021-09-18 19:34:31 30280 [Note] InnoDB: from the doublewrite buffer...
2021-09-18 19:34:32 30280 [Note] InnoDB: 128 rollback segment(s) are active.
2021-09-18 19:34:32 30280 [Note] InnoDB: Waiting for purge to start
2021-09-18 19:34:32 30280 [Note] InnoDB: 5.6.34 started; log sequence number 1764112
2021-09-18 19:34:32 30280 [Note] Server hostname (bind-address): '*'; port: 3306
2021-09-18 19:34:32 30280 [Note] IPv6 is available.
2021-09-18 19:34:32 30280 [Note]   - '::' resolves to '::';
2021-09-18 19:34:32 30280 [Note] Server socket created on IP: '::'.
2021-09-23 17:16:32 484 [Note] Plugin 'FEDERATED' is disabled.
2021-09-23 17:16:32 484 [Note] InnoDB: Using atomics to ref count buffer pool pages
2021-09-23 17:16:32 484 [Note] InnoDB: The InnoDB memory heap is disabled
2021-09-23 17:16:32 484 [Note] InnoDB: Mutexes and rw_locks use Windows interlocked functions
2021-09-23 17:16:32 484 [Note] InnoDB: Memory barrier is not used
2021-09-23 17:16:32 484 [Note] InnoDB: Compressed tables use zlib 1.2.3
2021-09-23 17:16:32 484 [Note] InnoDB: Not using CPU crc32 instructions
2021-09-23 17:16:32 484 [Note] InnoDB: Initializing buffer pool, size = 128.0M
2021-09-23 17:16:32 484 [Note] InnoDB: Completed initialization of buffer pool
2021-09-23 17:16:32 484 [Note] InnoDB: Highest supported file format is Barracuda.
2021-09-23 17:16:32 484 [Note] InnoDB: The log sequence numbers 1626134 and 1626134 in ibdata files do not match the log sequence number 1764241 in the ib_logfiles!
2021-09-23 17:16:32 484 [Note] InnoDB: Database was not shutdown normally!
2021-09-23 17:16:32 484 [Note] InnoDB: Starting crash recovery.
2021-09-23 17:16:32 484 [Note] InnoDB: Reading tablespace information from the .ibd files...
2021-09-23 17:16:32 484 [Note] InnoDB: Restoring possible half-written data pages 
2021-09-23 17:16:32 484 [Note] InnoDB: from the doublewrite buffer...
2021-09-23 17:16:32 484 [Note] InnoDB: 128 rollback segment(s) are active.
2021-09-23 17:16:32 484 [Note] InnoDB: Waiting for purge to start
2021-09-23 17:16:33 484 [Note] InnoDB: 5.6.34 started; log sequence number 1764241
2021-09-23 17:16:33 484 [Note] Server hostname (bind-address): '*'; port: 3306
2021-09-23 17:16:33 484 [Note] IPv6 is available.
2021-09-23 17:16:33 484 [Note]   - '::' resolves to '::';
2021-09-23 17:16:33 484 [Note] Server socket created on IP: '::'.
2021-09-23 17:31:53 23792 [Note] Plugin 'FEDERATED' is disabled.
2021-09-23 17:31:53 23792 [Note] InnoDB: Using atomics to ref count buffer pool pages
2021-09-23 17:31:53 23792 [Note] InnoDB: The InnoDB memory heap is disabled
2021-09-23 17:31:53 23792 [Note] InnoDB: Mutexes and rw_locks use Windows interlocked functions
2021-09-23 17:31:53 23792 [Note] InnoDB: Memory barrier is not used
2021-09-23 17:31:53 23792 [Note] InnoDB: Compressed tables use zlib 1.2.3
2021-09-23 17:31:53 23792 [Note] InnoDB: Not using CPU crc32 instructions
2021-09-23 17:31:53 23792 [Note] InnoDB: Initializing buffer pool, size = 128.0M
2021-09-23 17:31:53 23792 [Note] InnoDB: Completed initialization of buffer pool
2021-09-23 17:31:53 23792 [Note] InnoDB: Highest supported file format is Barracuda.
2021-09-23 17:31:53 23792 [Note] InnoDB: The log sequence numbers 1626134 and 1626134 in ibdata files do not match the log sequence number 1764384 in the ib_logfiles!
2021-09-23 17:31:53 23792 [Note] InnoDB: Database was not shutdown normally!
2021-09-23 17:31:53 23792 [Note] InnoDB: Starting crash recovery.
2021-09-23 17:31:53 23792 [Note] InnoDB: Reading tablespace information from the .ibd files...
2021-09-23 17:31:53 23792 [Note] InnoDB: Restoring possible half-written data pages 
2021-09-23 17:31:53 23792 [Note] InnoDB: from the doublewrite buffer...
2021-09-23 17:31:53 23792 [Note] InnoDB: 128 rollback segment(s) are active.
2021-09-23 17:31:53 23792 [Note] InnoDB: Waiting for purge to start
2021-09-23 17:31:53 23792 [Note] InnoDB: 5.6.34 started; log sequence number 1764384
2021-09-23 17:31:53 23792 [Note] Server hostname (bind-address): '*'; port: 3306
2021-09-23 17:31:53 23792 [Note] IPv6 is available.
2021-09-23 17:31:53 23792 [Note]   - '::' resolves to '::';
2021-09-23 17:31:53 23792 [Note] Server socket created on IP: '::'.
2021-09-23 17:34:23 24300 [Note] Plugin 'FEDERATED' is disabled.
2021-09-23 17:34:23 24300 [Note] InnoDB: Using atomics to ref count buffer pool pages
2021-09-23 17:34:23 24300 [Note] InnoDB: The InnoDB memory heap is disabled
2021-09-23 17:34:23 24300 [Note] InnoDB: Mutexes and rw_locks use Windows interlocked functions
2021-09-23 17:34:23 24300 [Note] InnoDB: Memory barrier is not used
2021-09-23 17:34:23 24300 [Note] InnoDB: Compressed tables use zlib 1.2.3
2021-09-23 17:34:23 24300 [Note] InnoDB: Not using CPU crc32 instructions
2021-09-23 17:34:23 24300 [Note] InnoDB: Initializing buffer pool, size = 128.0M
2021-09-23 17:34:23 24300 [Note] InnoDB: Completed initialization of buffer pool
2021-09-23 17:34:24 24300 [Note] InnoDB: Highest supported file format is Barracuda.
2021-09-23 17:34:24 24300 [Note] InnoDB: The log sequence numbers 1626134 and 1626134 in ibdata files do not match the log sequence number 1764394 in the ib_logfiles!
2021-09-23 17:34:24 24300 [Note] InnoDB: Database was not shutdown normally!
2021-09-23 17:34:24 24300 [Note] InnoDB: Starting crash recovery.
2021-09-23 17:34:24 24300 [Note] InnoDB: Reading tablespace information from the .ibd files...
2021-09-23 17:34:24 24300 [Note] InnoDB: Restoring possible half-written data pages 
2021-09-23 17:34:24 24300 [Note] InnoDB: from the doublewrite buffer...
2021-09-23 17:34:24 24300 [Note] InnoDB: 128 rollback segment(s) are active.
2021-09-23 17:34:24 24300 [Note] InnoDB: Waiting for purge to start
2021-09-23 17:34:24 24300 [Note] InnoDB: 5.6.34 started; log sequence number 1764394
2021-09-23 17:34:24 24300 [Note] Server hostname (bind-address): '*'; port: 3306
2021-09-23 17:34:24 24300 [Note] IPv6 is available.
2021-09-23 17:34:24 24300 [Note]   - '::' resolves to '::';
2021-09-23 17:34:24 24300 [Note] Server socket created on IP: '::'.
2021-09-23 17:34:24 24300 [ERROR] Can't start server: Bind on TCP/IP port: No such file or directory
2021-09-23 17:34:24 24300 [ERROR] Do you already have another mysqld server running on port: 3306 ?
2021-09-23 17:34:24 24300 [ERROR] Aborting

2021-09-23 17:34:24 24300 [Note] Binlog end
2021-09-23 17:34:24 24300 [Note] Shutting down plugin 'partition'
2021-09-23 17:34:24 24300 [Note] Shutting down plugin 'PERFORMANCE_SCHEMA'
2021-09-23 17:34:24 24300 [Note] Shutting down plugin 'INNODB_SYS_DATAFILES'
2021-09-23 17:34:24 24300 [Note] Shutting down plugin 'INNODB_SYS_TABLESPACES'
2021-09-23 17:34:24 24300 [Note] Shutting down plugin 'INNODB_SYS_FOREIGN_COLS'
2021-09-23 17:34:24 24300 [Note] Shutting down plugin 'INNODB_SYS_FOREIGN'
2021-09-23 17:34:24 24300 [Note] Shutting down plugin 'INNODB_SYS_FIELDS'
2021-09-23 17:34:24 24300 [Note] Shutting down plugin 'INNODB_SYS_COLUMNS'
2021-09-23 17:34:24 24300 [Note] Shutting down plugin 'INNODB_SYS_INDEXES'
2021-09-23 17:34:24 24300 [Note] Shutting down plugin 'INNODB_SYS_TABLESTATS'
2021-09-23 17:34:24 24300 [Note] Shutting down plugin 'INNODB_SYS_TABLES'
2021-09-23 17:34:24 24300 [Note] Shutting down plugin 'INNODB_FT_INDEX_TABLE'
2021-09-23 17:34:24 24300 [Note] Shutting down plugin 'INNODB_FT_INDEX_CACHE'
2021-09-23 17:34:24 24300 [Note] Shutting down plugin 'INNODB_FT_CONFIG'
2021-09-23 17:34:24 24300 [Note] Shutting down plugin 'INNODB_FT_BEING_DELETED'
2021-09-23 17:34:24 24300 [Note] Shutting down plugin 'INNODB_FT_DELETED'
2021-09-23 17:34:24 24300 [Note] Shutting down plugin 'INNODB_FT_DEFAULT_STOPWORD'
2021-09-23 17:34:24 24300 [Note] Shutting down plugin 'INNODB_METRICS'
2021-09-23 17:34:24 24300 [Note] Shutting down plugin 'INNODB_BUFFER_POOL_STATS'
2021-09-23 17:34:24 24300 [Note] Shutting down plugin 'INNODB_BUFFER_PAGE_LRU'
2021-09-23 17:34:24 24300 [Note] Shutting down plugin 'INNODB_BUFFER_PAGE'
2021-09-23 17:34:24 24300 [Note] Shutting down plugin 'INNODB_CMP_PER_INDEX_RESET'
2021-09-23 17:34:24 24300 [Note] Shutting down plugin 'INNODB_CMP_PER_INDEX'
2021-09-23 17:34:24 24300 [Note] Shutting down plugin 'INNODB_CMPMEM_RESET'
2021-09-23 17:34:24 24300 [Note] Shutting down plugin 'INNODB_CMPMEM'
2021-09-23 17:34:24 24300 [Note] Shutting down plugin 'INNODB_CMP_RESET'
2021-09-23 17:34:24 24300 [Note] Shutting down plugin 'INNODB_CMP'
2021-09-23 17:34:24 24300 [Note] Shutting down plugin 'INNODB_LOCK_WAITS'
2021-09-23 17:34:24 24300 [Note] Shutting down plugin 'INNODB_LOCKS'
2021-09-23 17:34:24 24300 [Note] Shutting down plugin 'INNODB_TRX'
2021-09-23 17:34:24 24300 [Note] Shutting down plugin 'InnoDB'
2021-09-23 17:34:24 24300 [Note] InnoDB: FTS optimize thread exiting.
2021-09-23 17:34:24 24300 [Note] InnoDB: Starting shutdown...
2021-09-23 17:34:25 24300 [Note] InnoDB: Shutdown completed; log sequence number 1764404
2021-09-23 17:34:25 24300 [Note] Shutting down plugin 'BLACKHOLE'
2021-09-23 17:34:25 24300 [Note] Shutting down plugin 'ARCHIVE'
2021-09-23 17:34:25 24300 [Note] Shutting down plugin 'MRG_MYISAM'
2021-09-23 17:34:25 24300 [Note] Shutting down plugin 'MyISAM'
2021-09-23 17:34:25 24300 [Note] Shutting down plugin 'MEMORY'
2021-09-23 17:34:25 24300 [Note] Shutting down plugin 'CSV'
2021-09-23 17:34:25 24300 [Note] Shutting down plugin 'sha256_password'
2021-09-23 17:34:25 24300 [Note] Shutting down plugin 'mysql_old_password'
2021-09-23 17:34:25 24300 [Note] Shutting down plugin 'mysql_native_password'
2021-09-23 17:34:25 24300 [Note] Shutting down plugin 'binlog'
2021-09-23 17:34:25 24300 [Note] D:\HTML\.PHP Projects\LEGAL_Games/mysql/bin/mysqld_usbwv8.exe: Shutdown complete

2021-09-23 17:34:43 5096 [Note] Plugin 'FEDERATED' is disabled.
2021-09-23 17:34:43 5096 [Note] InnoDB: Using atomics to ref count buffer pool pages
2021-09-23 17:34:43 5096 [Note] InnoDB: The InnoDB memory heap is disabled
2021-09-23 17:34:43 5096 [Note] InnoDB: Mutexes and rw_locks use Windows interlocked functions
2021-09-23 17:34:43 5096 [Note] InnoDB: Memory barrier is not used
2021-09-23 17:34:43 5096 [Note] InnoDB: Compressed tables use zlib 1.2.3
2021-09-23 17:34:43 5096 [Note] InnoDB: Not using CPU crc32 instructions
2021-09-23 17:34:43 5096 [Note] InnoDB: Initializing buffer pool, size = 128.0M
2021-09-23 17:34:43 5096 [Note] InnoDB: Completed initialization of buffer pool
2021-09-23 17:34:43 5096 [Note] InnoDB: Highest supported file format is Barracuda.
2021-09-23 17:34:44 5096 [Note] InnoDB: 128 rollback segment(s) are active.
2021-09-23 17:34:44 5096 [Note] InnoDB: Waiting for purge to start
2021-09-23 17:34:44 5096 [Note] InnoDB: 5.6.34 started; log sequence number 1764404
2021-09-23 17:34:44 5096 [Note] Server hostname (bind-address): '*'; port: 3306
2021-09-23 17:34:44 5096 [Note] IPv6 is available.
2021-09-23 17:34:44 5096 [Note]   - '::' resolves to '::';
2021-09-23 17:34:44 5096 [Note] Server socket created on IP: '::'.
2021-09-23 17:36:41 21600 [Note] Plugin 'FEDERATED' is disabled.
2021-09-23 17:36:41 21600 [Note] InnoDB: Using atomics to ref count buffer pool pages
2021-09-23 17:36:41 21600 [Note] InnoDB: The InnoDB memory heap is disabled
2021-09-23 17:36:41 21600 [Note] InnoDB: Mutexes and rw_locks use Windows interlocked functions
2021-09-23 17:36:41 21600 [Note] InnoDB: Memory barrier is not used
2021-09-23 17:36:41 21600 [Note] InnoDB: Compressed tables use zlib 1.2.3
2021-09-23 17:36:41 21600 [Note] InnoDB: Not using CPU crc32 instructions
2021-09-23 17:36:41 21600 [Note] InnoDB: Initializing buffer pool, size = 128.0M
2021-09-23 17:36:41 21600 [Note] InnoDB: Completed initialization of buffer pool
2021-09-23 17:36:41 21600 [Note] InnoDB: Highest supported file format is Barracuda.
2021-09-23 17:36:41 21600 [Note] InnoDB: The log sequence numbers 1764404 and 1764404 in ibdata files do not match the log sequence number 1764414 in the ib_logfiles!
2021-09-23 17:36:41 21600 [Note] InnoDB: Database was not shutdown normally!
2021-09-23 17:36:41 21600 [Note] InnoDB: Starting crash recovery.
2021-09-23 17:36:41 21600 [Note] InnoDB: Reading tablespace information from the .ibd files...
2021-09-23 17:36:41 21600 [Note] InnoDB: Restoring possible half-written data pages 
2021-09-23 17:36:41 21600 [Note] InnoDB: from the doublewrite buffer...
2021-09-23 17:36:42 21600 [Note] InnoDB: 128 rollback segment(s) are active.
2021-09-23 17:36:42 21600 [Note] InnoDB: Waiting for purge to start
2021-09-23 17:36:42 21600 [Note] InnoDB: 5.6.34 started; log sequence number 1764414
2021-09-23 17:36:42 21600 [Note] Server hostname (bind-address): '*'; port: 3306
2021-09-23 17:36:42 21600 [Note] IPv6 is available.
2021-09-23 17:36:42 21600 [Note]   - '::' resolves to '::';
2021-09-23 17:36:42 21600 [Note] Server socket created on IP: '::'.
2021-09-23 18:52:45 21392 [Note] Plugin 'FEDERATED' is disabled.
2021-09-23 18:52:45 21392 [Note] InnoDB: Using atomics to ref count buffer pool pages
2021-09-23 18:52:45 21392 [Note] InnoDB: The InnoDB memory heap is disabled
2021-09-23 18:52:45 21392 [Note] InnoDB: Mutexes and rw_locks use Windows interlocked functions
2021-09-23 18:52:45 21392 [Note] InnoDB: Memory barrier is not used
2021-09-23 18:52:45 21392 [Note] InnoDB: Compressed tables use zlib 1.2.3
2021-09-23 18:52:45 21392 [Note] InnoDB: Not using CPU crc32 instructions
2021-09-23 18:52:45 21392 [Note] InnoDB: Initializing buffer pool, size = 128.0M
2021-09-23 18:52:45 21392 [Note] InnoDB: Completed initialization of buffer pool
2021-09-23 18:52:45 21392 [Note] InnoDB: Highest supported file format is Barracuda.
2021-09-23 18:52:45 21392 [Note] InnoDB: The log sequence numbers 1764404 and 1764404 in ibdata files do not match the log sequence number 1764424 in the ib_logfiles!
2021-09-23 18:52:45 21392 [Note] InnoDB: Database was not shutdown normally!
2021-09-23 18:52:45 21392 [Note] InnoDB: Starting crash recovery.
2021-09-23 18:52:45 21392 [Note] InnoDB: Reading tablespace information from the .ibd files...
2021-09-23 18:52:45 21392 [Note] InnoDB: Restoring possible half-written data pages 
2021-09-23 18:52:45 21392 [Note] InnoDB: from the doublewrite buffer...
2021-09-23 18:52:46 21392 [Note] InnoDB: 128 rollback segment(s) are active.
2021-09-23 18:52:46 21392 [Note] InnoDB: Waiting for purge to start
2021-09-23 18:52:46 21392 [Note] InnoDB: 5.6.34 started; log sequence number 1764424
2021-09-23 18:52:46 21392 [Note] Server hostname (bind-address): '*'; port: 3306
2021-09-23 18:52:46 21392 [Note] IPv6 is available.
2021-09-23 18:52:46 21392 [Note]   - '::' resolves to '::';
2021-09-23 18:52:46 21392 [Note] Server socket created on IP: '::'.
2021-09-23 23:33:35 18372 [Note] Plugin 'FEDERATED' is disabled.
2021-09-23 23:33:35 18372 [Note] InnoDB: Using atomics to ref count buffer pool pages
2021-09-23 23:33:35 18372 [Note] InnoDB: The InnoDB memory heap is disabled
2021-09-23 23:33:35 18372 [Note] InnoDB: Mutexes and rw_locks use Windows interlocked functions
2021-09-23 23:33:35 18372 [Note] InnoDB: Memory barrier is not used
2021-09-23 23:33:35 18372 [Note] InnoDB: Compressed tables use zlib 1.2.3
2021-09-23 23:33:35 18372 [Note] InnoDB: Not using CPU crc32 instructions
2021-09-23 23:33:35 18372 [Note] InnoDB: Initializing buffer pool, size = 128.0M
2021-09-23 23:33:35 18372 [Note] InnoDB: Completed initialization of buffer pool
2021-09-23 23:33:35 18372 [Note] InnoDB: Highest supported file format is Barracuda.
2021-09-23 23:33:35 18372 [Note] InnoDB: The log sequence numbers 1764404 and 1764404 in ibdata files do not match the log sequence number 1764434 in the ib_logfiles!
2021-09-23 23:33:35 18372 [Note] InnoDB: Database was not shutdown normally!
2021-09-23 23:33:35 18372 [Note] InnoDB: Starting crash recovery.
2021-09-23 23:33:35 18372 [Note] InnoDB: Reading tablespace information from the .ibd files...
2021-09-23 23:33:35 18372 [Note] InnoDB: Restoring possible half-written data pages 
2021-09-23 23:33:35 18372 [Note] InnoDB: from the doublewrite buffer...
2021-09-23 23:33:35 18372 [Note] InnoDB: 128 rollback segment(s) are active.
2021-09-23 23:33:35 18372 [Note] InnoDB: Waiting for purge to start
2021-09-23 23:33:35 18372 [Note] InnoDB: 5.6.34 started; log sequence number 1764434
2021-09-23 23:33:35 18372 [Note] Server hostname (bind-address): '*'; port: 3306
2021-09-23 23:33:35 18372 [Note] IPv6 is available.
2021-09-23 23:33:35 18372 [Note]   - '::' resolves to '::';
2021-09-23 23:33:35 18372 [Note] Server socket created on IP: '::'.
2021-09-23 23:49:56 25384 [Note] Plugin 'FEDERATED' is disabled.
2021-09-23 23:49:56 25384 [Note] InnoDB: Using atomics to ref count buffer pool pages
2021-09-23 23:49:56 25384 [Note] InnoDB: The InnoDB memory heap is disabled
2021-09-23 23:49:56 25384 [Note] InnoDB: Mutexes and rw_locks use Windows interlocked functions
2021-09-23 23:49:56 25384 [Note] InnoDB: Memory barrier is not used
2021-09-23 23:49:56 25384 [Note] InnoDB: Compressed tables use zlib 1.2.3
2021-09-23 23:49:56 25384 [Note] InnoDB: Not using CPU crc32 instructions
2021-09-23 23:49:56 25384 [Note] InnoDB: Initializing buffer pool, size = 128.0M
2021-09-23 23:49:56 25384 [Note] InnoDB: Completed initialization of buffer pool
2021-09-23 23:49:56 25384 [Note] InnoDB: Highest supported file format is Barracuda.
2021-09-23 23:49:56 25384 [Note] InnoDB: The log sequence numbers 1764404 and 1764404 in ibdata files do not match the log sequence number 1770262 in the ib_logfiles!
2021-09-23 23:49:56 25384 [Note] InnoDB: Database was not shutdown normally!
2021-09-23 23:49:56 25384 [Note] InnoDB: Starting crash recovery.
2021-09-23 23:49:56 25384 [Note] InnoDB: Reading tablespace information from the .ibd files...
2021-09-23 23:49:56 25384 [Note] InnoDB: Restoring possible half-written data pages 
2021-09-23 23:49:56 25384 [Note] InnoDB: from the doublewrite buffer...
2021-09-23 23:49:57 25384 [Note] InnoDB: 128 rollback segment(s) are active.
2021-09-23 23:49:57 25384 [Note] InnoDB: Waiting for purge to start
2021-09-23 23:49:57 25384 [Note] InnoDB: 5.6.34 started; log sequence number 1770262
2021-09-23 23:49:57 25384 [Note] Server hostname (bind-address): '*'; port: 3306
2021-09-23 23:49:57 25384 [Note] IPv6 is available.
2021-09-23 23:49:57 25384 [Note]   - '::' resolves to '::';
2021-09-23 23:49:57 25384 [Note] Server socket created on IP: '::'.
2021-09-24 20:51:31 14080 [Note] Plugin 'FEDERATED' is disabled.
2021-09-24 20:51:31 14080 [Note] InnoDB: Using atomics to ref count buffer pool pages
2021-09-24 20:51:31 14080 [Note] InnoDB: The InnoDB memory heap is disabled
2021-09-24 20:51:31 14080 [Note] InnoDB: Mutexes and rw_locks use Windows interlocked functions
2021-09-24 20:51:31 14080 [Note] InnoDB: Memory barrier is not used
2021-09-24 20:51:31 14080 [Note] InnoDB: Compressed tables use zlib 1.2.3
2021-09-24 20:51:31 14080 [Note] InnoDB: Not using CPU crc32 instructions
2021-09-24 20:51:31 14080 [Note] InnoDB: Initializing buffer pool, size = 128.0M
2021-09-24 20:51:31 14080 [Note] InnoDB: Completed initialization of buffer pool
2021-09-24 20:51:31 14080 [Note] InnoDB: Highest supported file format is Barracuda.
2021-09-24 20:51:31 14080 [Note] InnoDB: The log sequence numbers 1764404 and 1764404 in ibdata files do not match the log sequence number 1854342 in the ib_logfiles!
2021-09-24 20:51:31 14080 [Note] InnoDB: Database was not shutdown normally!
2021-09-24 20:51:31 14080 [Note] InnoDB: Starting crash recovery.
2021-09-24 20:51:32 14080 [Note] InnoDB: Reading tablespace information from the .ibd files...
2021-09-24 20:51:32 14080 [Note] InnoDB: Restoring possible half-written data pages 
2021-09-24 20:51:32 14080 [Note] InnoDB: from the doublewrite buffer...
2021-09-24 20:51:32 14080 [Note] InnoDB: 128 rollback segment(s) are active.
2021-09-24 20:51:32 14080 [Note] InnoDB: Waiting for purge to start
2021-09-24 20:51:32 14080 [Note] InnoDB: 5.6.34 started; log sequence number 1854342
2021-09-24 20:51:32 14080 [Note] Server hostname (bind-address): '*'; port: 3306
2021-09-24 20:51:32 14080 [Note] IPv6 is available.
2021-09-24 20:51:32 14080 [Note]   - '::' resolves to '::';
2021-09-24 20:51:32 14080 [Note] Server socket created on IP: '::'.
2021-09-24 21:01:27 14928 [Note] Plugin 'FEDERATED' is disabled.
2021-09-24 21:01:27 14928 [Note] InnoDB: Using atomics to ref count buffer pool pages
2021-09-24 21:01:27 14928 [Note] InnoDB: The InnoDB memory heap is disabled
2021-09-24 21:01:27 14928 [Note] InnoDB: Mutexes and rw_locks use Windows interlocked functions
2021-09-24 21:01:27 14928 [Note] InnoDB: Memory barrier is not used
2021-09-24 21:01:27 14928 [Note] InnoDB: Compressed tables use zlib 1.2.3
2021-09-24 21:01:27 14928 [Note] InnoDB: Not using CPU crc32 instructions
2021-09-24 21:01:27 14928 [Note] InnoDB: Initializing buffer pool, size = 128.0M
2021-09-24 21:01:27 14928 [Note] InnoDB: Completed initialization of buffer pool
2021-09-24 21:01:27 14928 [Note] InnoDB: Highest supported file format is Barracuda.
2021-09-24 21:01:27 14928 [Note] InnoDB: The log sequence numbers 1764404 and 1764404 in ibdata files do not match the log sequence number 1854613 in the ib_logfiles!
2021-09-24 21:01:27 14928 [Note] InnoDB: Database was not shutdown normally!
2021-09-24 21:01:27 14928 [Note] InnoDB: Starting crash recovery.
2021-09-24 21:01:27 14928 [Note] InnoDB: Reading tablespace information from the .ibd files...
2021-09-24 21:01:27 14928 [Note] InnoDB: Restoring possible half-written data pages 
2021-09-24 21:01:27 14928 [Note] InnoDB: from the doublewrite buffer...
2021-09-24 21:01:28 14928 [Note] InnoDB: 128 rollback segment(s) are active.
2021-09-24 21:01:28 14928 [Note] InnoDB: Waiting for purge to start
2021-09-24 21:01:28 14928 [Note] InnoDB: 5.6.34 started; log sequence number 1854613
2021-09-24 21:01:28 14928 [Note] Server hostname (bind-address): '*'; port: 3306
2021-09-24 21:01:28 14928 [Note] IPv6 is available.
2021-09-24 21:01:28 14928 [Note]   - '::' resolves to '::';
2021-09-24 21:01:28 14928 [Note] Server socket created on IP: '::'.
2021-09-24 21:02:21 6628 [Note] Plugin 'FEDERATED' is disabled.
2021-09-24 21:02:21 6628 [Note] InnoDB: Using atomics to ref count buffer pool pages
2021-09-24 21:02:21 6628 [Note] InnoDB: The InnoDB memory heap is disabled
2021-09-24 21:02:21 6628 [Note] InnoDB: Mutexes and rw_locks use Windows interlocked functions
2021-09-24 21:02:21 6628 [Note] InnoDB: Memory barrier is not used
2021-09-24 21:02:21 6628 [Note] InnoDB: Compressed tables use zlib 1.2.3
2021-09-24 21:02:21 6628 [Note] InnoDB: Not using CPU crc32 instructions
2021-09-24 21:02:21 6628 [Note] InnoDB: Initializing buffer pool, size = 128.0M
2021-09-24 21:02:21 6628 [Note] InnoDB: Completed initialization of buffer pool
2021-09-24 21:02:21 6628 [Note] InnoDB: Highest supported file format is Barracuda.
2021-09-24 21:02:21 6628 [Note] InnoDB: The log sequence numbers 1764404 and 1764404 in ibdata files do not match the log sequence number 1854623 in the ib_logfiles!
2021-09-24 21:02:21 6628 [Note] InnoDB: Database was not shutdown normally!
2021-09-24 21:02:21 6628 [Note] InnoDB: Starting crash recovery.
2021-09-24 21:02:21 6628 [Note] InnoDB: Reading tablespace information from the .ibd files...
2021-09-24 21:02:21 6628 [Note] InnoDB: Restoring possible half-written data pages 
2021-09-24 21:02:21 6628 [Note] InnoDB: from the doublewrite buffer...
2021-09-24 21:02:21 6628 [Note] InnoDB: 128 rollback segment(s) are active.
2021-09-24 21:02:21 6628 [Note] InnoDB: Waiting for purge to start
2021-09-24 21:02:21 6628 [Note] InnoDB: 5.6.34 started; log sequence number 1854623
2021-09-24 21:02:21 6628 [Note] Server hostname (bind-address): '*'; port: 3306
2021-09-24 21:02:21 6628 [Note] IPv6 is available.
2021-09-24 21:02:21 6628 [Note]   - '::' resolves to '::';
2021-09-24 21:02:21 6628 [Note] Server socket created on IP: '::'.
2021-09-25 10:26:44 20140 [Note] Plugin 'FEDERATED' is disabled.
2021-09-25 10:26:44 20140 [Note] InnoDB: Using atomics to ref count buffer pool pages
2021-09-25 10:26:44 20140 [Note] InnoDB: The InnoDB memory heap is disabled
2021-09-25 10:26:44 20140 [Note] InnoDB: Mutexes and rw_locks use Windows interlocked functions
2021-09-25 10:26:44 20140 [Note] InnoDB: Memory barrier is not used
2021-09-25 10:26:44 20140 [Note] InnoDB: Compressed tables use zlib 1.2.3
2021-09-25 10:26:44 20140 [Note] InnoDB: Not using CPU crc32 instructions
2021-09-25 10:26:44 20140 [Note] InnoDB: Initializing buffer pool, size = 128.0M
2021-09-25 10:26:44 20140 [Note] InnoDB: Completed initialization of buffer pool
2021-09-25 10:26:44 20140 [Note] InnoDB: Highest supported file format is Barracuda.
2021-09-25 10:26:44 20140 [Note] InnoDB: The log sequence numbers 1764404 and 1764404 in ibdata files do not match the log sequence number 1854633 in the ib_logfiles!
2021-09-25 10:26:44 20140 [Note] InnoDB: Database was not shutdown normally!
2021-09-25 10:26:44 20140 [Note] InnoDB: Starting crash recovery.
2021-09-25 10:26:44 20140 [Note] InnoDB: Reading tablespace information from the .ibd files...
2021-09-25 10:26:44 20140 [Note] InnoDB: Restoring possible half-written data pages 
2021-09-25 10:26:44 20140 [Note] InnoDB: from the doublewrite buffer...
2021-09-25 10:26:45 20140 [Note] InnoDB: 128 rollback segment(s) are active.
2021-09-25 10:26:45 20140 [Note] InnoDB: Waiting for purge to start
2021-09-25 10:26:45 20140 [Note] InnoDB: 5.6.34 started; log sequence number 1854633
2021-09-25 10:26:45 20140 [Note] Server hostname (bind-address): '*'; port: 3306
2021-09-25 10:26:45 20140 [Note] IPv6 is available.
2021-09-25 10:26:45 20140 [Note]   - '::' resolves to '::';
2021-09-25 10:26:45 20140 [Note] Server socket created on IP: '::'.
2021-09-25 15:04:09 18016 [Note] Plugin 'FEDERATED' is disabled.
2021-09-25 15:04:09 18016 [Note] InnoDB: Using atomics to ref count buffer pool pages
2021-09-25 15:04:09 18016 [Note] InnoDB: The InnoDB memory heap is disabled
2021-09-25 15:04:09 18016 [Note] InnoDB: Mutexes and rw_locks use Windows interlocked functions
2021-09-25 15:04:09 18016 [Note] InnoDB: Memory barrier is not used
2021-09-25 15:04:09 18016 [Note] InnoDB: Compressed tables use zlib 1.2.3
2021-09-25 15:04:09 18016 [Note] InnoDB: Not using CPU crc32 instructions
2021-09-25 15:04:09 18016 [Note] InnoDB: Initializing buffer pool, size = 128.0M
2021-09-25 15:04:09 18016 [Note] InnoDB: Completed initialization of buffer pool
2021-09-25 15:04:09 18016 [Note] InnoDB: Highest supported file format is Barracuda.
2021-09-25 15:04:09 18016 [Note] InnoDB: The log sequence numbers 1764404 and 1764404 in ibdata files do not match the log sequence number 1854819 in the ib_logfiles!
2021-09-25 15:04:09 18016 [Note] InnoDB: Database was not shutdown normally!
2021-09-25 15:04:09 18016 [Note] InnoDB: Starting crash recovery.
2021-09-25 15:04:09 18016 [Note] InnoDB: Reading tablespace information from the .ibd files...
2021-09-25 15:04:09 18016 [Note] InnoDB: Restoring possible half-written data pages 
2021-09-25 15:04:09 18016 [Note] InnoDB: from the doublewrite buffer...
2021-09-25 15:04:09 18016 [Note] InnoDB: 128 rollback segment(s) are active.
2021-09-25 15:04:09 18016 [Note] InnoDB: Waiting for purge to start
2021-09-25 15:04:10 18016 [Note] InnoDB: 5.6.34 started; log sequence number 1854819
2021-09-25 15:04:10 18016 [Note] Server hostname (bind-address): '*'; port: 3306
2021-09-25 15:04:10 18016 [Note] IPv6 is available.
2021-09-25 15:04:10 18016 [Note]   - '::' resolves to '::';
2021-09-25 15:04:10 18016 [Note] Server socket created on IP: '::'.
2021-09-25 15:57:36 28232 [Note] Plugin 'FEDERATED' is disabled.
2021-09-25 15:57:36 28232 [Note] InnoDB: Using atomics to ref count buffer pool pages
2021-09-25 15:57:36 28232 [Note] InnoDB: The InnoDB memory heap is disabled
2021-09-25 15:57:36 28232 [Note] InnoDB: Mutexes and rw_locks use Windows interlocked functions
2021-09-25 15:57:36 28232 [Note] InnoDB: Memory barrier is not used
2021-09-25 15:57:36 28232 [Note] InnoDB: Compressed tables use zlib 1.2.3
2021-09-25 15:57:36 28232 [Note] InnoDB: Not using CPU crc32 instructions
2021-09-25 15:57:36 28232 [Note] InnoDB: Initializing buffer pool, size = 128.0M
2021-09-25 15:57:36 28232 [Note] InnoDB: Completed initialization of buffer pool
2021-09-25 15:57:36 28232 [ERROR] InnoDB: D:\HTML\.PHP Projects\LEGAL_Games\mysql\data\ibdata1 can't be opened in read-write mode
2021-09-25 15:57:36 28232 [ERROR] InnoDB: The system tablespace must be writable!
2021-09-25 15:57:36 28232 [ERROR] Plugin 'InnoDB' init function returned error.
2021-09-25 15:57:36 28232 [ERROR] Plugin 'InnoDB' registration as a STORAGE ENGINE failed.
2021-09-25 15:57:36 28232 [ERROR] Unknown/unsupported storage engine: InnoDB
2021-09-25 15:57:36 28232 [ERROR] Aborting

2021-09-25 15:57:36 28232 [Note] Binlog end
2021-09-25 15:57:36 28232 [Note] Shutting down plugin 'partition'
2021-09-25 15:57:36 28232 [Note] Shutting down plugin 'PERFORMANCE_SCHEMA'
2021-09-25 15:57:36 28232 [Note] Shutting down plugin 'INNODB_SYS_DATAFILES'
2021-09-25 15:57:36 28232 [Note] Shutting down plugin 'INNODB_SYS_TABLESPACES'
2021-09-25 15:57:36 28232 [Note] Shutting down plugin 'INNODB_SYS_FOREIGN_COLS'
2021-09-25 15:57:36 28232 [Note] Shutting down plugin 'INNODB_SYS_FOREIGN'
2021-09-25 15:57:36 28232 [Note] Shutting down plugin 'INNODB_SYS_FIELDS'
2021-09-25 15:57:36 28232 [Note] Shutting down plugin 'INNODB_SYS_COLUMNS'
2021-09-25 15:57:36 28232 [Note] Shutting down plugin 'INNODB_SYS_INDEXES'
2021-09-25 15:57:36 28232 [Note] Shutting down plugin 'INNODB_SYS_TABLESTATS'
2021-09-25 15:57:36 28232 [Note] Shutting down plugin 'INNODB_SYS_TABLES'
2021-09-25 15:57:36 28232 [Note] Shutting down plugin 'INNODB_FT_INDEX_TABLE'
2021-09-25 15:57:36 28232 [Note] Shutting down plugin 'INNODB_FT_INDEX_CACHE'
2021-09-25 15:57:36 28232 [Note] Shutting down plugin 'INNODB_FT_CONFIG'
2021-09-25 15:57:36 28232 [Note] Shutting down plugin 'INNODB_FT_BEING_DELETED'
2021-09-25 15:57:36 28232 [Note] Shutting down plugin 'INNODB_FT_DELETED'
2021-09-25 15:57:36 28232 [Note] Shutting down plugin 'INNODB_FT_DEFAULT_STOPWORD'
2021-09-25 15:57:36 28232 [Note] Shutting down plugin 'INNODB_METRICS'
2021-09-25 15:57:36 28232 [Note] Shutting down plugin 'INNODB_BUFFER_POOL_STATS'
2021-09-25 15:57:36 28232 [Note] Shutting down plugin 'INNODB_BUFFER_PAGE_LRU'
2021-09-25 15:57:36 28232 [Note] Shutting down plugin 'INNODB_BUFFER_PAGE'
2021-09-25 15:57:36 28232 [Note] Shutting down plugin 'INNODB_CMP_PER_INDEX_RESET'
2021-09-25 15:57:36 28232 [Note] Shutting down plugin 'INNODB_CMP_PER_INDEX'
2021-09-25 15:57:36 28232 [Note] Shutting down plugin 'INNODB_CMPMEM_RESET'
2021-09-25 15:57:36 28232 [Note] Shutting down plugin 'INNODB_CMPMEM'
2021-09-25 15:57:36 28232 [Note] Shutting down plugin 'INNODB_CMP_RESET'
2021-09-25 15:57:36 28232 [Note] Shutting down plugin 'INNODB_CMP'
2021-09-25 15:57:36 28232 [Note] Shutting down plugin 'INNODB_LOCK_WAITS'
2021-09-25 15:57:36 28232 [Note] Shutting down plugin 'INNODB_LOCKS'
2021-09-25 15:57:36 28232 [Note] Shutting down plugin 'INNODB_TRX'
2021-09-25 15:57:36 28232 [Note] Shutting down plugin 'BLACKHOLE'
2021-09-25 15:57:36 28232 [Note] Shutting down plugin 'ARCHIVE'
2021-09-25 15:57:36 28232 [Note] Shutting down plugin 'MRG_MYISAM'
2021-09-25 15:57:36 28232 [Note] Shutting down plugin 'MyISAM'
2021-09-25 15:57:36 28232 [Note] Shutting down plugin 'MEMORY'
2021-09-25 15:57:36 28232 [Note] Shutting down plugin 'CSV'
2021-09-25 15:57:36 28232 [Note] Shutting down plugin 'sha256_password'
2021-09-25 15:57:36 28232 [Note] Shutting down plugin 'mysql_old_password'
2021-09-25 15:57:36 28232 [Note] Shutting down plugin 'mysql_native_password'
2021-09-25 15:57:36 28232 [Note] Shutting down plugin 'binlog'
2021-09-25 15:57:36 28232 [Note] D:\HTML\.PHP Projects\LEGAL_Games/mysql/bin/mysqld_usbwv8.exe: Shutdown complete

2021-09-25 15:57:55 2864 [Note] Plugin 'FEDERATED' is disabled.
2021-09-25 15:57:55 2864 [Note] InnoDB: Using atomics to ref count buffer pool pages
2021-09-25 15:57:55 2864 [Note] InnoDB: The InnoDB memory heap is disabled
2021-09-25 15:57:55 2864 [Note] InnoDB: Mutexes and rw_locks use Windows interlocked functions
2021-09-25 15:57:55 2864 [Note] InnoDB: Memory barrier is not used
2021-09-25 15:57:55 2864 [Note] InnoDB: Compressed tables use zlib 1.2.3
2021-09-25 15:57:55 2864 [Note] InnoDB: Not using CPU crc32 instructions
2021-09-25 15:57:55 2864 [Note] InnoDB: Initializing buffer pool, size = 128.0M
2021-09-25 15:57:55 2864 [Note] InnoDB: Completed initialization of buffer pool
2021-09-25 15:57:55 2864 [Note] InnoDB: Highest supported file format is Barracuda.
2021-09-25 15:57:55 2864 [Note] InnoDB: The log sequence numbers 1764404 and 1764404 in ibdata files do not match the log sequence number 1855335 in the ib_logfiles!
2021-09-25 15:57:55 2864 [Note] InnoDB: Database was not shutdown normally!
2021-09-25 15:57:55 2864 [Note] InnoDB: Starting crash recovery.
2021-09-25 15:57:55 2864 [Note] InnoDB: Reading tablespace information from the .ibd files...
2021-09-25 15:57:55 2864 [Note] InnoDB: Restoring possible half-written data pages 
2021-09-25 15:57:55 2864 [Note] InnoDB: from the doublewrite buffer...
2021-09-25 15:57:56 2864 [Note] InnoDB: 128 rollback segment(s) are active.
2021-09-25 15:57:56 2864 [Note] InnoDB: Waiting for purge to start
2021-09-25 15:57:56 2864 [Note] InnoDB: 5.6.34 started; log sequence number 1855335
2021-09-25 15:57:56 2864 [Note] Server hostname (bind-address): '*'; port: 3306
2021-09-25 15:57:56 2864 [Note] IPv6 is available.
2021-09-25 15:57:56 2864 [Note]   - '::' resolves to '::';
2021-09-25 15:57:56 2864 [Note] Server socket created on IP: '::'.
2021-09-27 11:32:27 2112 [Note] Plugin 'FEDERATED' is disabled.
2021-09-27 11:32:27 2112 [Note] InnoDB: Using atomics to ref count buffer pool pages
2021-09-27 11:32:27 2112 [Note] InnoDB: The InnoDB memory heap is disabled
2021-09-27 11:32:27 2112 [Note] InnoDB: Mutexes and rw_locks use Windows interlocked functions
2021-09-27 11:32:27 2112 [Note] InnoDB: Memory barrier is not used
2021-09-27 11:32:27 2112 [Note] InnoDB: Compressed tables use zlib 1.2.3
2021-09-27 11:32:27 2112 [Note] InnoDB: Not using CPU crc32 instructions
2021-09-27 11:32:27 2112 [Note] InnoDB: Initializing buffer pool, size = 128.0M
2021-09-27 11:32:27 2112 [Note] InnoDB: Completed initialization of buffer pool
2021-09-27 11:32:27 2112 [Note] InnoDB: Highest supported file format is Barracuda.
2021-09-27 11:32:27 2112 [Note] InnoDB: The log sequence numbers 1764404 and 1764404 in ibdata files do not match the log sequence number 1855345 in the ib_logfiles!
2021-09-27 11:32:27 2112 [Note] InnoDB: Database was not shutdown normally!
2021-09-27 11:32:27 2112 [Note] InnoDB: Starting crash recovery.
2021-09-27 11:32:27 2112 [Note] InnoDB: Reading tablespace information from the .ibd files...
2021-09-27 11:32:27 2112 [Note] InnoDB: Restoring possible half-written data pages 
2021-09-27 11:32:27 2112 [Note] InnoDB: from the doublewrite buffer...
2021-09-27 11:32:28 2112 [Note] InnoDB: 128 rollback segment(s) are active.
2021-09-27 11:32:28 2112 [Note] InnoDB: Waiting for purge to start
2021-09-27 11:32:28 2112 [Note] InnoDB: 5.6.34 started; log sequence number 1855345
2021-09-27 11:32:28 2112 [Note] Server hostname (bind-address): '*'; port: 3306
2021-09-27 11:32:28 2112 [Note] IPv6 is available.
2021-09-27 11:32:28 2112 [Note]   - '::' resolves to '::';
2021-09-27 11:32:28 2112 [Note] Server socket created on IP: '::'.
2021-09-27 14:17:11 3768 [Note] Plugin 'FEDERATED' is disabled.
2021-09-27 14:17:11 3768 [Note] InnoDB: Using atomics to ref count buffer pool pages
2021-09-27 14:17:11 3768 [Note] InnoDB: The InnoDB memory heap is disabled
2021-09-27 14:17:11 3768 [Note] InnoDB: Mutexes and rw_locks use Windows interlocked functions
2021-09-27 14:17:11 3768 [Note] InnoDB: Memory barrier is not used
2021-09-27 14:17:11 3768 [Note] InnoDB: Compressed tables use zlib 1.2.3
2021-09-27 14:17:11 3768 [Note] InnoDB: Not using CPU crc32 instructions
2021-09-27 14:17:11 3768 [Note] InnoDB: Initializing buffer pool, size = 128.0M
2021-09-27 14:17:12 3768 [Note] InnoDB: Completed initialization of buffer pool
2021-09-27 14:17:12 3768 [Note] InnoDB: Highest supported file format is Barracuda.
2021-09-27 14:17:12 3768 [Note] InnoDB: The log sequence numbers 1764404 and 1764404 in ibdata files do not match the log sequence number 1855355 in the ib_logfiles!
2021-09-27 14:17:12 3768 [Note] InnoDB: Database was not shutdown normally!
2021-09-27 14:17:12 3768 [Note] InnoDB: Starting crash recovery.
2021-09-27 14:17:12 3768 [Note] InnoDB: Reading tablespace information from the .ibd files...
2021-09-27 14:17:12 3768 [Note] InnoDB: Restoring possible half-written data pages 
2021-09-27 14:17:12 3768 [Note] InnoDB: from the doublewrite buffer...
2021-09-27 14:17:12 3768 [Note] InnoDB: 128 rollback segment(s) are active.
2021-09-27 14:17:12 3768 [Note] InnoDB: Waiting for purge to start
2021-09-27 14:17:12 3768 [Note] InnoDB: 5.6.34 started; log sequence number 1855355
2021-09-27 14:17:12 3768 [Note] Server hostname (bind-address): '*'; port: 3306
2021-09-27 14:17:12 3768 [Note] IPv6 is available.
2021-09-27 14:17:12 3768 [Note]   - '::' resolves to '::';
2021-09-27 14:17:12 3768 [Note] Server socket created on IP: '::'.
2021-09-27 14:33:34 2156 [Note] Plugin 'FEDERATED' is disabled.
2021-09-27 14:33:34 2156 [Note] InnoDB: Using atomics to ref count buffer pool pages
2021-09-27 14:33:34 2156 [Note] InnoDB: The InnoDB memory heap is disabled
2021-09-27 14:33:34 2156 [Note] InnoDB: Mutexes and rw_locks use Windows interlocked functions
2021-09-27 14:33:34 2156 [Note] InnoDB: Memory barrier is not used
2021-09-27 14:33:34 2156 [Note] InnoDB: Compressed tables use zlib 1.2.3
2021-09-27 14:33:34 2156 [Note] InnoDB: Not using CPU crc32 instructions
2021-09-27 14:33:34 2156 [Note] InnoDB: Initializing buffer pool, size = 128.0M
2021-09-27 14:33:34 2156 [Note] InnoDB: Completed initialization of buffer pool
2021-09-27 14:33:34 2156 [Note] InnoDB: Highest supported file format is Barracuda.
2021-09-27 14:33:34 2156 [Note] InnoDB: The log sequence numbers 1764404 and 1764404 in ibdata files do not match the log sequence number 1855365 in the ib_logfiles!
2021-09-27 14:33:34 2156 [Note] InnoDB: Database was not shutdown normally!
2021-09-27 14:33:34 2156 [Note] InnoDB: Starting crash recovery.
2021-09-27 14:33:34 2156 [Note] InnoDB: Reading tablespace information from the .ibd files...
2021-09-27 14:33:34 2156 [Note] InnoDB: Restoring possible half-written data pages 
2021-09-27 14:33:34 2156 [Note] InnoDB: from the doublewrite buffer...
2021-09-27 14:33:35 2156 [Note] InnoDB: 128 rollback segment(s) are active.
2021-09-27 14:33:35 2156 [Note] InnoDB: Waiting for purge to start
2021-09-27 14:33:35 2156 [Note] InnoDB: 5.6.34 started; log sequence number 1855365
2021-09-27 14:33:35 2156 [Note] Server hostname (bind-address): '*'; port: 3306
2021-09-27 14:33:35 2156 [Note] IPv6 is available.
2021-09-27 14:33:35 2156 [Note]   - '::' resolves to '::';
2021-09-27 14:33:35 2156 [Note] Server socket created on IP: '::'.
2021-09-27 14:56:44 25372 [Note] Plugin 'FEDERATED' is disabled.
2021-09-27 14:56:44 25372 [Note] InnoDB: Using atomics to ref count buffer pool pages
2021-09-27 14:56:44 25372 [Note] InnoDB: The InnoDB memory heap is disabled
2021-09-27 14:56:44 25372 [Note] InnoDB: Mutexes and rw_locks use Windows interlocked functions
2021-09-27 14:56:44 25372 [Note] InnoDB: Memory barrier is not used
2021-09-27 14:56:44 25372 [Note] InnoDB: Compressed tables use zlib 1.2.3
2021-09-27 14:56:44 25372 [Note] InnoDB: Not using CPU crc32 instructions
2021-09-27 14:56:44 25372 [Note] InnoDB: Initializing buffer pool, size = 128.0M
2021-09-27 14:56:44 25372 [Note] InnoDB: Completed initialization of buffer pool
2021-09-27 14:56:44 25372 [ERROR] InnoDB: D:\LEGAL_Games\mysql\data\ibdata1 can't be opened in read-write mode
2021-09-27 14:56:44 25372 [ERROR] InnoDB: The system tablespace must be writable!
2021-09-27 14:56:44 25372 [ERROR] Plugin 'InnoDB' init function returned error.
2021-09-27 14:56:44 25372 [ERROR] Plugin 'InnoDB' registration as a STORAGE ENGINE failed.
2021-09-27 14:56:44 25372 [ERROR] Unknown/unsupported storage engine: InnoDB
2021-09-27 14:56:44 25372 [ERROR] Aborting

2021-09-27 14:56:44 25372 [Note] Binlog end
2021-09-27 14:56:44 25372 [Note] Shutting down plugin 'partition'
2021-09-27 14:56:44 25372 [Note] Shutting down plugin 'PERFORMANCE_SCHEMA'
2021-09-27 14:56:44 25372 [Note] Shutting down plugin 'INNODB_SYS_DATAFILES'
2021-09-27 14:56:44 25372 [Note] Shutting down plugin 'INNODB_SYS_TABLESPACES'
2021-09-27 14:56:44 25372 [Note] Shutting down plugin 'INNODB_SYS_FOREIGN_COLS'
2021-09-27 14:56:44 25372 [Note] Shutting down plugin 'INNODB_SYS_FOREIGN'
2021-09-27 14:56:44 25372 [Note] Shutting down plugin 'INNODB_SYS_FIELDS'
2021-09-27 14:56:44 25372 [Note] Shutting down plugin 'INNODB_SYS_COLUMNS'
2021-09-27 14:56:44 25372 [Note] Shutting down plugin 'INNODB_SYS_INDEXES'
2021-09-27 14:56:44 25372 [Note] Shutting down plugin 'INNODB_SYS_TABLESTATS'
2021-09-27 14:56:44 25372 [Note] Shutting down plugin 'INNODB_SYS_TABLES'
2021-09-27 14:56:44 25372 [Note] Shutting down plugin 'INNODB_FT_INDEX_TABLE'
2021-09-27 14:56:44 25372 [Note] Shutting down plugin 'INNODB_FT_INDEX_CACHE'
2021-09-27 14:56:44 25372 [Note] Shutting down plugin 'INNODB_FT_CONFIG'
2021-09-27 14:56:44 25372 [Note] Shutting down plugin 'INNODB_FT_BEING_DELETED'
2021-09-27 14:56:44 25372 [Note] Shutting down plugin 'INNODB_FT_DELETED'
2021-09-27 14:56:44 25372 [Note] Shutting down plugin 'INNODB_FT_DEFAULT_STOPWORD'
2021-09-27 14:56:44 25372 [Note] Shutting down plugin 'INNODB_METRICS'
2021-09-27 14:56:44 25372 [Note] Shutting down plugin 'INNODB_BUFFER_POOL_STATS'
2021-09-27 14:56:44 25372 [Note] Shutting down plugin 'INNODB_BUFFER_PAGE_LRU'
2021-09-27 14:56:44 25372 [Note] Shutting down plugin 'INNODB_BUFFER_PAGE'
2021-09-27 14:56:44 25372 [Note] Shutting down plugin 'INNODB_CMP_PER_INDEX_RESET'
2021-09-27 14:56:44 25372 [Note] Shutting down plugin 'INNODB_CMP_PER_INDEX'
2021-09-27 14:56:44 25372 [Note] Shutting down plugin 'INNODB_CMPMEM_RESET'
2021-09-27 14:56:44 25372 [Note] Shutting down plugin 'INNODB_CMPMEM'
2021-09-27 14:56:44 25372 [Note] Shutting down plugin 'INNODB_CMP_RESET'
2021-09-27 14:56:44 25372 [Note] Shutting down plugin 'INNODB_CMP'
2021-09-27 14:56:44 25372 [Note] Shutting down plugin 'INNODB_LOCK_WAITS'
2021-09-27 14:56:44 25372 [Note] Shutting down plugin 'INNODB_LOCKS'
2021-09-27 14:56:44 25372 [Note] Shutting down plugin 'INNODB_TRX'
2021-09-27 14:56:44 25372 [Note] Shutting down plugin 'BLACKHOLE'
2021-09-27 14:56:44 25372 [Note] Shutting down plugin 'ARCHIVE'
2021-09-27 14:56:44 25372 [Note] Shutting down plugin 'MRG_MYISAM'
2021-09-27 14:56:44 25372 [Note] Shutting down plugin 'MyISAM'
2021-09-27 14:56:44 25372 [Note] Shutting down plugin 'MEMORY'
2021-09-27 14:56:44 25372 [Note] Shutting down plugin 'CSV'
2021-09-27 14:56:44 25372 [Note] Shutting down plugin 'sha256_password'
2021-09-27 14:56:44 25372 [Note] Shutting down plugin 'mysql_old_password'
2021-09-27 14:56:44 25372 [Note] Shutting down plugin 'mysql_native_password'
2021-09-27 14:56:44 25372 [Note] Shutting down plugin 'binlog'
2021-09-27 14:56:44 25372 [Note] D:\LEGAL_Games/mysql/bin/mysqld_usbwv8.exe: Shutdown complete

